#
# There is insufficient memory for the Java Runtime Environment to continue.
# Native memory allocation (malloc) failed to allocate 1675872 bytes for Chunk::new
# Possible reasons:
#   The system is out of physical RAM or swap space
#   The process is running with CompressedOops enabled, and the Java Heap may be blocking the growth of the native heap
# Possible solutions:
#   Reduce memory load on the system
#   Increase physical memory or swap space
#   Check if swap backing store is full
#   Decrease Java heap size (-Xmx/-Xms)
#   Decrease number of Java threads
#   Decrease Java thread stack sizes (-Xss)
#   Set larger code cache with -XX:ReservedCodeCacheSize=
#   JVM is running with Unscaled Compressed Oops mode in which the Java heap is
#     placed in the first 4GB address space. The Java Heap base address is the
#     maximum limit for the native heap growth. Please use -XX:HeapBaseMinAddress
#     to set the Java Heap base and to place the Java Heap above 4GB virtual address.
# This output file may be truncated or incomplete.
#
#  Out of Memory Error (allocation.cpp:389), pid=11880, tid=0x0000000000002f94
#
# JRE version: OpenJDK Runtime Environment (8.0_212-b04) (build 1.8.0_212-release-1586-b04)
# Java VM: OpenJDK 64-Bit Server VM (25.212-b04 mixed mode windows-amd64 compressed oops)
# Failed to write core dump. Minidumps are not enabled by default on client versions of Windows
#

---------------  T H R E A D  ---------------

Current thread (0x0000000016c8e800):  JavaThread "C2 CompilerThread0" daemon [_thread_in_native, id=12180, stack(0x00000000182f0000,0x00000000183f0000)]

Stack: [0x00000000182f0000,0x00000000183f0000]
[error occurred during error reporting (printing stack bounds), id 0xc0000005]

Native frames: (J=compiled Java code, j=interpreted, Vv=VM code, C=native code)


Current CompileTask:
C2:  13524 5777   !   4       java.net.URLClassLoader$1::run (63 bytes)


---------------  P R O C E S S  ---------------

Java Threads: ( => current thread )
  0x000000001f1d8800 JavaThread "Memory manager" [_thread_blocked, id=2108, stack(0x0000000020b40000,0x0000000020c40000)]
  0x000000001f1db000 JavaThread "Build operations Thread 4" [_thread_blocked, id=12208, stack(0x0000000020fb0000,0x00000000210b0000)]
  0x000000001f1d5800 JavaThread "Build operations Thread 3" [_thread_blocked, id=11484, stack(0x0000000020eb0000,0x0000000020fb0000)]
  0x0000000019a45800 JavaThread "Build operations Thread 2" [_thread_blocked, id=432, stack(0x0000000020db0000,0x0000000020eb0000)]
  0x0000000019a44800 JavaThread "Build operations" [_thread_blocked, id=236, stack(0x0000000020cb0000,0x0000000020db0000)]
  0x0000000019a4a000 JavaThread "Cache worker for Artifact transforms cache (C:\Users\Shamshir Baig\.gradle\caches\transforms-1)" [_thread_blocked, id=12084, stack(0x0000000020640000,0x0000000020740000)]
  0x0000000019a47000 JavaThread "Cache worker for cache directory md-rule (C:\Users\Shamshir Baig\.gradle\caches\4.10.1\md-rule)" [_thread_blocked, id=4276, stack(0x0000000020540000,0x0000000020640000)]
  0x0000000019a48800 JavaThread "Cache worker for cache directory md-supplier (C:\Users\Shamshir Baig\.gradle\caches\4.10.1\md-supplier)" [_thread_blocked, id=9920, stack(0x000000001dbe0000,0x000000001dce0000)]
  0x0000000019a49000 JavaThread "Cache worker for journal cache (C:\Users\Shamshir Baig\.gradle\caches\journal-1)" [_thread_blocked, id=10892, stack(0x000000001d8e0000,0x000000001d9e0000)]
  0x0000000019a46000 JavaThread "Cache worker for file hash cache (E:\Android_Projects\Test\Test\.gradle\4.10.1\fileHashes)" [_thread_blocked, id=7436, stack(0x000000001c810000,0x000000001c910000)]
  0x000000001a4f9800 JavaThread "File lock request listener" [_thread_in_native, id=6904, stack(0x000000001c710000,0x000000001c810000)]
  0x00000000199d8000 JavaThread "Cache worker for file hash cache (C:\Users\Shamshir Baig\.gradle\caches\4.10.1\fileHashes)" [_thread_blocked, id=5596, stack(0x000000001c610000,0x000000001c710000)]
  0x0000000019840800 JavaThread "Stdin handler" [_thread_blocked, id=7140, stack(0x000000001c310000,0x000000001c410000)]
  0x0000000019840000 JavaThread "Asynchronous log dispatcher for DefaultDaemonConnection: socket connection from /127.0.0.1:7237 to /127.0.0.1:7238" [_thread_blocked, id=4908, stack(0x000000001c210000,0x000000001c310000)]
  0x0000000019733000 JavaThread "Daemon worker" [_thread_in_Java, id=6640, stack(0x000000001c110000,0x000000001c210000)]
  0x0000000019732800 JavaThread "Cancel handler" [_thread_blocked, id=7200, stack(0x000000001c010000,0x000000001c110000)]
  0x000000001886d000 JavaThread "Handler for socket connection from /127.0.0.1:7237 to /127.0.0.1:7238" [_thread_in_native, id=2780, stack(0x000000001bd10000,0x000000001be10000)]
  0x000000001886c000 JavaThread "Daemon" [_thread_blocked, id=8732, stack(0x000000001bc10000,0x000000001bd10000)]
  0x0000000019814800 JavaThread "Daemon periodic checks" [_thread_blocked, id=11748, stack(0x000000001bb10000,0x000000001bc10000)]
  0x000000001870d800 JavaThread "Incoming local TCP Connector on port 7237" [_thread_in_native, id=10960, stack(0x000000001b8d0000,0x000000001b9d0000)]
  0x0000000018620800 JavaThread "Service Thread" daemon [_thread_blocked, id=4292, stack(0x00000000189f0000,0x0000000018af0000)]
  0x0000000016ca4000 JavaThread "C1 CompilerThread2" daemon [_thread_blocked, id=4608, stack(0x00000000184f0000,0x00000000185f0000)]
  0x0000000016c92800 JavaThread "C2 CompilerThread1" daemon [_thread_in_native, id=9960, stack(0x00000000183f0000,0x00000000184f0000)]
=>0x0000000016c8e800 JavaThread "C2 CompilerThread0" daemon [_thread_in_native, id=12180, stack(0x00000000182f0000,0x00000000183f0000)]
  0x0000000016c8c000 JavaThread "Attach Listener" daemon [_thread_blocked, id=7584, stack(0x00000000181f0000,0x00000000182f0000)]
  0x0000000016c8a800 JavaThread "Signal Dispatcher" daemon [_thread_blocked, id=5244, stack(0x00000000180f0000,0x00000000181f0000)]
  0x000000000331c000 JavaThread "Finalizer" daemon [_thread_blocked, id=6840, stack(0x0000000017ef0000,0x0000000017ff0000)]
  0x0000000016c79800 JavaThread "Reference Handler" daemon [_thread_blocked, id=5240, stack(0x0000000017df0000,0x0000000017ef0000)]
  0x0000000003222800 JavaThread "main" [_thread_blocked, id=2916, stack(0x0000000003090000,0x0000000003190000)]

Other Threads:
  0x0000000016c57000 VMThread [stack: 0x0000000017cf0000,0x0000000017df0000] [id=5280]
  0x0000000018641000 WatcherThread [stack: 0x0000000018af0000,0x0000000018bf0000] [id=7060]

VM state:not at safepoint (normal execution)

VM Mutex/Monitor currently owned by a thread: None

heap address: 0x00000000a0000000, size: 1536 MB, Compressed Oops mode: 32-bit
Narrow klass base: 0x0000000000000000, Narrow klass shift: 3
Compressed class space size: 1073741824 Address: 0x0000000100000000

Heap:
 PSYoungGen      total 159232K, used 45626K [0x00000000e0000000, 0x00000000eb680000, 0x0000000100000000)
  eden space 146432K, 31% used [0x00000000e0000000,0x00000000e2c8ea10,0x00000000e8f00000)
  from space 12800K, 0% used [0x00000000eaa00000,0x00000000eaa00000,0x00000000eb680000)
  to   space 15360K, 0% used [0x00000000e9880000,0x00000000e9880000,0x00000000ea780000)
 ParOldGen       total 85504K, used 34800K [0x00000000a0000000, 0x00000000a5380000, 0x00000000e0000000)
  object space 85504K, 40% used [0x00000000a0000000,0x00000000a21fc398,0x00000000a5380000)
 Metaspace       used 58675K, capacity 60638K, committed 60848K, reserved 1101824K
  class space    used 8092K, capacity 8622K, committed 8624K, reserved 1048576K

Card table byte_map: [0x00000000126e0000,0x00000000129f0000] byte_map_base: 0x00000000121e0000

Marking Bits: (ParMarkBitMap*) 0x0000000053259f30
 Begin Bits: [0x0000000012ff0000, 0x00000000147f0000)
 End Bits:   [0x00000000147f0000, 0x0000000015ff0000)

Polling page: 0x00000000013d0000

CodeCache: size=245760Kb used=18641Kb max_used=18645Kb free=227118Kb
 bounds [0x0000000003320000, 0x0000000004570000, 0x0000000012320000]
 total_blobs=6172 nmethods=5379 adapters=706
 compilation: enabled

Compilation events (10 events):
Event: 13.516 Thread 0x0000000016c92800 nmethod 5950 0x0000000004563450 code [0x00000000045635a0, 0x0000000004563758]
Event: 13.517 Thread 0x0000000016ca4000 5951       3       org.gradle.internal.component.model.DefaultComponentOverrideMetadata::<init> (23 bytes)
Event: 13.517 Thread 0x0000000016ca4000 nmethod 5951 0x0000000004562fd0 code [0x0000000004563140, 0x0000000004563368]
Event: 13.518 Thread 0x0000000016ca4000 5952       3       com.google.common.collect.ImmutableList::of (9 bytes)
Event: 13.518 Thread 0x0000000016ca4000 nmethod 5952 0x0000000004562650 code [0x0000000004562800, 0x0000000004562cc8]
Event: 13.519 Thread 0x0000000016c92800 5953 %     4       java.net.URI::decode @ 80 (370 bytes)
Event: 13.519 Thread 0x0000000016ca4000 5954       3       java.util.ArrayDeque::getFirst (24 bytes)
Event: 13.520 Thread 0x0000000016ca4000 nmethod 5954 0x0000000004562110 code [0x0000000004562280, 0x0000000004562508]
Event: 13.520 Thread 0x0000000016ca4000 5955       3       org.gradle.api.internal.artifacts.ivyservice.resolveengine.graph.builder.ResolveState::getModule (65 bytes)
Event: 13.520 Thread 0x0000000016ca4000 nmethod 5955 0x0000000004561910 code [0x0000000004561aa0, 0x0000000004561f88]

GC Heap History (10 events):
Event: 6.997 GC heap before
{Heap before GC invocations=11 (full 2):
 PSYoungGen      total 124416K, used 11251K [0x00000000e0000000, 0x00000000eb680000, 0x0000000100000000)
  eden space 113152K, 0% used [0x00000000e0000000,0x00000000e0000000,0x00000000e6e80000)
  from space 11264K, 99% used [0x00000000e6e80000,0x00000000e797cd48,0x00000000e7980000)
  to   space 12800K, 0% used [0x00000000eaa00000,0x00000000eaa00000,0x00000000eb680000)
 ParOldGen       total 54784K, used 8646K [0x00000000a0000000, 0x00000000a3580000, 0x00000000e0000000)
  object space 54784K, 15% used [0x00000000a0000000,0x00000000a0871bb0,0x00000000a3580000)
 Metaspace       used 34686K, capacity 35404K, committed 35496K, reserved 1079296K
  class space    used 4852K, capacity 5127K, committed 5168K, reserved 1048576K
Event: 7.131 GC heap after
Heap after GC invocations=11 (full 2):
 PSYoungGen      total 124416K, used 0K [0x00000000e0000000, 0x00000000eb680000, 0x0000000100000000)
  eden space 113152K, 0% used [0x00000000e0000000,0x00000000e0000000,0x00000000e6e80000)
  from space 11264K, 0% used [0x00000000e6e80000,0x00000000e6e80000,0x00000000e7980000)
  to   space 12800K, 0% used [0x00000000eaa00000,0x00000000eaa00000,0x00000000eb680000)
 ParOldGen       total 85504K, used 19136K [0x00000000a0000000, 0x00000000a5380000, 0x00000000e0000000)
  object space 85504K, 22% used [0x00000000a0000000,0x00000000a12b0368,0x00000000a5380000)
 Metaspace       used 34686K, capacity 35404K, committed 35496K, reserved 1079296K
  class space    used 4852K, capacity 5127K, committed 5168K, reserved 1048576K
}
Event: 9.272 GC heap before
{Heap before GC invocations=12 (full 2):
 PSYoungGen      total 124416K, used 113152K [0x00000000e0000000, 0x00000000eb680000, 0x0000000100000000)
  eden space 113152K, 100% used [0x00000000e0000000,0x00000000e6e80000,0x00000000e6e80000)
  from space 11264K, 0% used [0x00000000e6e80000,0x00000000e6e80000,0x00000000e7980000)
  to   space 12800K, 0% used [0x00000000eaa00000,0x00000000eaa00000,0x00000000eb680000)
 ParOldGen       total 85504K, used 19136K [0x00000000a0000000, 0x00000000a5380000, 0x00000000e0000000)
  object space 85504K, 22% used [0x00000000a0000000,0x00000000a12b0368,0x00000000a5380000)
 Metaspace       used 44339K, capacity 45334K, committed 45616K, reserved 1089536K
  class space    used 6027K, capacity 6351K, committed 6448K, reserved 1048576K
Event: 9.293 GC heap after
Heap after GC invocations=12 (full 2):
 PSYoungGen      total 159232K, used 12797K [0x00000000e0000000, 0x00000000eb680000, 0x0000000100000000)
  eden space 146432K, 0% used [0x00000000e0000000,0x00000000e0000000,0x00000000e8f00000)
  from space 12800K, 99% used [0x00000000eaa00000,0x00000000eb67f4b0,0x00000000eb680000)
  to   space 15360K, 0% used [0x00000000e9880000,0x00000000e9880000,0x00000000ea780000)
 ParOldGen       total 85504K, used 21838K [0x00000000a0000000, 0x00000000a5380000, 0x00000000e0000000)
  object space 85504K, 25% used [0x00000000a0000000,0x00000000a1553ac0,0x00000000a5380000)
 Metaspace       used 44339K, capacity 45334K, committed 45616K, reserved 1089536K
  class space    used 6027K, capacity 6351K, committed 6448K, reserved 1048576K
}
Event: 11.771 GC heap before
{Heap before GC invocations=13 (full 2):
 PSYoungGen      total 159232K, used 159229K [0x00000000e0000000, 0x00000000eb680000, 0x0000000100000000)
  eden space 146432K, 100% used [0x00000000e0000000,0x00000000e8f00000,0x00000000e8f00000)
  from space 12800K, 99% used [0x00000000eaa00000,0x00000000eb67f4b0,0x00000000eb680000)
  to   space 15360K, 0% used [0x00000000e9880000,0x00000000e9880000,0x00000000ea780000)
 ParOldGen       total 85504K, used 21838K [0x00000000a0000000, 0x00000000a5380000, 0x00000000e0000000)
  object space 85504K, 25% used [0x00000000a0000000,0x00000000a1553ac0,0x00000000a5380000)
 Metaspace       used 56028K, capacity 57900K, committed 58160K, reserved 1099776K
  class space    used 7732K, capacity 8200K, committed 8240K, reserved 1048576K
Event: 11.859 GC heap after
Heap after GC invocations=13 (full 2):
 PSYoungGen      total 161792K, used 14123K [0x00000000e0000000, 0x00000000eb680000, 0x0000000100000000)
  eden space 146432K, 0% used [0x00000000e0000000,0x00000000e0000000,0x00000000e8f00000)
  from space 15360K, 91% used [0x00000000e9880000,0x00000000ea64ae48,0x00000000ea780000)
  to   space 12800K, 0% used [0x00000000eaa00000,0x00000000eaa00000,0x00000000eb680000)
 ParOldGen       total 85504K, used 30557K [0x00000000a0000000, 0x00000000a5380000, 0x00000000e0000000)
  object space 85504K, 35% used [0x00000000a0000000,0x00000000a1dd74a8,0x00000000a5380000)
 Metaspace       used 56028K, capacity 57900K, committed 58160K, reserved 1099776K
  class space    used 7732K, capacity 8200K, committed 8240K, reserved 1048576K
}
Event: 12.238 GC heap before
{Heap before GC invocations=14 (full 2):
 PSYoungGen      total 161792K, used 39920K [0x00000000e0000000, 0x00000000eb680000, 0x0000000100000000)
  eden space 146432K, 17% used [0x00000000e0000000,0x00000000e19314a8,0x00000000e8f00000)
  from space 15360K, 91% used [0x00000000e9880000,0x00000000ea64ae48,0x00000000ea780000)
  to   space 12800K, 0% used [0x00000000eaa00000,0x00000000eaa00000,0x00000000eb680000)
 ParOldGen       total 85504K, used 30557K [0x00000000a0000000, 0x00000000a5380000, 0x00000000e0000000)
  object space 85504K, 35% used [0x00000000a0000000,0x00000000a1dd74a8,0x00000000a5380000)
 Metaspace       used 57139K, capacity 59028K, committed 59160K, reserved 1099776K
  class space    used 7894K, capacity 8342K, committed 8368K, reserved 1048576K
Event: 12.258 GC heap after
Heap after GC invocations=14 (full 2):
 PSYoungGen      total 159232K, used 2299K [0x00000000e0000000, 0x00000000eb680000, 0x0000000100000000)
  eden space 146432K, 0% used [0x00000000e0000000,0x00000000e0000000,0x00000000e8f00000)
  from space 12800K, 17% used [0x00000000eaa00000,0x00000000eac3ece0,0x00000000eb680000)
  to   space 15360K, 0% used [0x00000000e9880000,0x00000000e9880000,0x00000000ea780000)
 ParOldGen       total 85504K, used 38197K [0x00000000a0000000, 0x00000000a5380000, 0x00000000e0000000)
  object space 85504K, 44% used [0x00000000a0000000,0x00000000a254d770,0x00000000a5380000)
 Metaspace       used 57139K, capacity 59028K, committed 59160K, reserved 1099776K
  class space    used 7894K, capacity 8342K, committed 8368K, reserved 1048576K
}
Event: 12.258 GC heap before
{Heap before GC invocations=15 (full 3):
 PSYoungGen      total 159232K, used 2299K [0x00000000e0000000, 0x00000000eb680000, 0x0000000100000000)
  eden space 146432K, 0% used [0x00000000e0000000,0x00000000e0000000,0x00000000e8f00000)
  from space 12800K, 17% used [0x00000000eaa00000,0x00000000eac3ece0,0x00000000eb680000)
  to   space 15360K, 0% used [0x00000000e9880000,0x00000000e9880000,0x00000000ea780000)
 ParOldGen       total 85504K, used 38197K [0x00000000a0000000, 0x00000000a5380000, 0x00000000e0000000)
  object space 85504K, 44% used [0x00000000a0000000,0x00000000a254d770,0x00000000a5380000)
 Metaspace       used 57139K, capacity 59028K, committed 59160K, reserved 1099776K
  class space    used 7894K, capacity 8342K, committed 8368K, reserved 1048576K
Event: 12.520 GC heap after
Heap after GC invocations=15 (full 3):
 PSYoungGen      total 159232K, used 0K [0x00000000e0000000, 0x00000000eb680000, 0x0000000100000000)
  eden space 146432K, 0% used [0x00000000e0000000,0x00000000e0000000,0x00000000e8f00000)
  from space 12800K, 0% used [0x00000000eaa00000,0x00000000eaa00000,0x00000000eb680000)
  to   space 15360K, 0% used [0x00000000e9880000,0x00000000e9880000,0x00000000ea780000)
 ParOldGen       total 85504K, used 34800K [0x00000000a0000000, 0x00000000a5380000, 0x00000000e0000000)
  object space 85504K, 40% used [0x00000000a0000000,0x00000000a21fc398,0x00000000a5380000)
 Metaspace       used 57139K, capacity 59028K, committed 59160K, reserved 1099776K
  class space    used 7894K, capacity 8342K, committed 8368K, reserved 1048576K
}

Deoptimization events (10 events):
Event: 12.214 Thread 0x0000000019733000 Uncommon trap: reason=unstable_if action=reinterpret pc=0x000000000442b31c method=org.codehaus.groovy.runtime.metaclass.MetaMethodIndex.copyNonPrivateNonNewMetaMethods(Lorg/codehaus/groovy/runtime/metaclass/MetaMethodIndex$Entry;Lorg/codehaus/groovy/runti
Event: 12.216 Thread 0x0000000019733000 Uncommon trap: reason=unstable_if action=reinterpret pc=0x00000000044af1a4 method=groovy.lang.MetaClassImpl$1MOPIter.methodNameAction(Ljava/lang/Class;Lorg/codehaus/groovy/runtime/metaclass/MetaMethodIndex$Entry;)V @ 53
Event: 12.224 Thread 0x0000000019733000 Uncommon trap: reason=predicate action=maybe_recompile pc=0x000000000449bc78 method=java.util.AbstractCollection.toArray([Ljava/lang/Object;)[Ljava/lang/Object; @ 49
Event: 12.550 Thread 0x0000000019733000 Uncommon trap: reason=unstable_if action=reinterpret pc=0x0000000003e70ab8 method=groovy.lang.MetaClassImpl.checkIfStdMethod(Lgroovy/lang/MetaMethod;)V @ 167
Event: 12.557 Thread 0x0000000019733000 Uncommon trap: reason=unstable_if action=reinterpret pc=0x0000000003e6dd84 method=groovy.lang.MetaClassImpl.checkIfStdMethod(Lgroovy/lang/MetaMethod;)V @ 167
Event: 12.883 Thread 0x0000000019733000 Uncommon trap: reason=array_check action=maybe_recompile pc=0x00000000044dcfb0 method=java.util.AbstractCollection.toArray([Ljava/lang/Object;)[Ljava/lang/Object; @ 119
Event: 12.883 Thread 0x0000000019733000 Uncommon trap: reason=array_check action=maybe_recompile pc=0x00000000044dcfb0 method=java.util.AbstractCollection.toArray([Ljava/lang/Object;)[Ljava/lang/Object; @ 119
Event: 12.905 Thread 0x0000000019733000 Uncommon trap: reason=array_check action=maybe_recompile pc=0x00000000044dcfb0 method=java.util.AbstractCollection.toArray([Ljava/lang/Object;)[Ljava/lang/Object; @ 119
Event: 12.905 Thread 0x0000000019733000 Uncommon trap: reason=array_check action=maybe_recompile pc=0x00000000044dcfb0 method=java.util.AbstractCollection.toArray([Ljava/lang/Object;)[Ljava/lang/Object; @ 119
Event: 13.455 Thread 0x0000000019733000 Uncommon trap: reason=unstable_if action=reinterpret pc=0x00000000041203f4 method=java.util.regex.Pattern.closure(Ljava/util/regex/Pattern$Node;)Ljava/util/regex/Pattern$Node; @ 113

Classes redefined (0 events):
No events

Internal exceptions (10 events):
Event: 12.882 Thread 0x0000000019733000 Exception <a 'java/lang/ClassNotFoundException': org/gradle/api/internal/plugins/ExtensionsStorage$ExtensionHolderBeanInfo> (0x00000000e0be0068) thrown at [D:\src\AOSP-openjdk-cygwin\jdk8u\hotspot\src\share\vm\classfile\systemDictionary.cpp, line 210]
Event: 12.883 Thread 0x0000000019733000 Exception <a 'java/lang/ClassNotFoundException': org/gradle/api/internal/plugins/ExtensionsStorage$ExtensionHolderCustomizer> (0x00000000e0bfa0f0) thrown at [D:\src\AOSP-openjdk-cygwin\jdk8u\hotspot\src\share\vm\classfile\systemDictionary.cpp, line 210]
Event: 13.175 Thread 0x0000000019733000 Exception <a 'java/lang/ClassNotFoundException': com/android/build/gradle/tasks/factory/AndroidUnitTest_DecoratedBeanInfo> (0x00000000e1d5fc38) thrown at [D:\src\AOSP-openjdk-cygwin\jdk8u\hotspot\src\share\vm\classfile\systemDictionary.cpp, line 210]
Event: 13.176 Thread 0x0000000019733000 Exception <a 'java/lang/ClassNotFoundException': com/android/build/gradle/tasks/factory/AndroidUnitTestBeanInfo> (0x00000000e1d77e10) thrown at [D:\src\AOSP-openjdk-cygwin\jdk8u\hotspot\src\share\vm\classfile\systemDictionary.cpp, line 210]
Event: 13.182 Thread 0x0000000019733000 Exception <a 'java/lang/ClassNotFoundException': org/gradle/api/tasks/testing/TestBeanInfo> (0x00000000e1d97a88) thrown at [D:\src\AOSP-openjdk-cygwin\jdk8u\hotspot\src\share\vm\classfile\systemDictionary.cpp, line 210]
Event: 13.183 Thread 0x0000000019733000 Exception <a 'java/lang/ClassNotFoundException': org/gradle/api/tasks/testing/AbstractTestTaskBeanInfo> (0x00000000e1dbdb30) thrown at [D:\src\AOSP-openjdk-cygwin\jdk8u\hotspot\src\share\vm\classfile\systemDictionary.cpp, line 210]
Event: 13.184 Thread 0x0000000019733000 Exception <a 'java/lang/ClassNotFoundException': org/gradle/api/tasks/testing/AbstractTestTaskCustomizer> (0x00000000e1de45b0) thrown at [D:\src\AOSP-openjdk-cygwin\jdk8u\hotspot\src\share\vm\classfile\systemDictionary.cpp, line 210]
Event: 13.188 Thread 0x0000000019733000 Exception <a 'java/lang/ClassNotFoundException': org/gradle/api/tasks/testing/TestCustomizer> (0x00000000e1e33a18) thrown at [D:\src\AOSP-openjdk-cygwin\jdk8u\hotspot\src\share\vm\classfile\systemDictionary.cpp, line 210]
Event: 13.197 Thread 0x0000000019733000 Exception <a 'java/lang/ClassNotFoundException': com/android/build/gradle/tasks/factory/AndroidUnitTestCustomizer> (0x00000000e1f235f8) thrown at [D:\src\AOSP-openjdk-cygwin\jdk8u\hotspot\src\share\vm\classfile\systemDictionary.cpp, line 210]
Event: 13.198 Thread 0x0000000019733000 Exception <a 'java/lang/ClassNotFoundException': com/android/build/gradle/tasks/factory/AndroidUnitTest_DecoratedCustomizer> (0x00000000e1f65de0) thrown at [D:\src\AOSP-openjdk-cygwin\jdk8u\hotspot\src\share\vm\classfile\systemDictionary.cpp, line 210]

Events (10 events):
Event: 13.461 loading class org/gradle/api/internal/artifacts/ivyservice/ivyresolve/CachingModuleComponentRepository$1
Event: 13.461 loading class org/gradle/api/internal/artifacts/ivyservice/ivyresolve/CachingModuleComponentRepository$1 done
Event: 13.462 loading class org/gradle/internal/resolve/result/BuildableModuleVersionListingResolveResult$State
Event: 13.462 loading class org/gradle/internal/resolve/result/BuildableModuleVersionListingResolveResult$State done
Event: 13.463 loading class org/gradle/internal/component/model/AttributeConfigurationSelector
Event: 13.463 loading class org/gradle/internal/component/model/AttributeConfigurationSelector done
Event: 13.464 loading class org/gradle/internal/component/AmbiguousConfigurationSelectionException
Event: 13.464 loading class org/gradle/internal/component/AmbiguousConfigurationSelectionException done
Event: 13.465 loading class org/gradle/internal/component/NoMatchingConfigurationSelectionException
Event: 13.465 loading class org/gradle/internal/component/NoMatchingConfigurationSelectionException done


Dynamic libraries:
0x00007ff79cc30000 - 0x00007ff79cc61000 	C:\Program Files\Android\Android Studio\jre\bin\java.exe
0x00007ffc84880000 - 0x00007ffc84a70000 	C:\WINDOWS\SYSTEM32\ntdll.dll
0x00007ffc83f10000 - 0x00007ffc83fc2000 	C:\WINDOWS\System32\KERNEL32.DLL
0x00007ffc818b0000 - 0x00007ffc81b55000 	C:\WINDOWS\System32\KERNELBASE.dll
0x00007ffc83220000 - 0x00007ffc832c3000 	C:\WINDOWS\System32\ADVAPI32.dll
0x00007ffc84570000 - 0x00007ffc8460e000 	C:\WINDOWS\System32\msvcrt.dll
0x00007ffc83350000 - 0x00007ffc833e7000 	C:\WINDOWS\System32\sechost.dll
0x00007ffc83fe0000 - 0x00007ffc84100000 	C:\WINDOWS\System32\RPCRT4.dll
0x00007ffc83680000 - 0x00007ffc83815000 	C:\WINDOWS\System32\USER32.dll
0x00007ffc82900000 - 0x00007ffc82921000 	C:\WINDOWS\System32\win32u.dll
0x00007ffc83180000 - 0x00007ffc831a6000 	C:\WINDOWS\System32\GDI32.dll
0x00007ffc82710000 - 0x00007ffc828a6000 	C:\WINDOWS\System32\gdi32full.dll
0x00007ffc81810000 - 0x00007ffc818ae000 	C:\WINDOWS\System32\msvcp_win.dll
0x00007ffc822e0000 - 0x00007ffc823da000 	C:\WINDOWS\System32\ucrtbase.dll
0x00007ffc5cb00000 - 0x00007ffc5cd84000 	C:\WINDOWS\WinSxS\amd64_microsoft.windows.common-controls_6595b64144ccf1df_6.0.18362.1082_none_9e8193e1e45b25c1\COMCTL32.dll
0x00007ffc82b40000 - 0x00007ffc82e75000 	C:\WINDOWS\System32\combase.dll
0x00007ffc825b0000 - 0x00007ffc82630000 	C:\WINDOWS\System32\bcryptPrimitives.dll
0x00007ffc83590000 - 0x00007ffc835be000 	C:\WINDOWS\System32\IMM32.DLL
0x00000000528d0000 - 0x00000000529a2000 	C:\Program Files\Android\Android Studio\jre\jre\bin\msvcr100.dll
0x0000000052a90000 - 0x00000000532d6000 	C:\Program Files\Android\Android Studio\jre\jre\bin\server\jvm.dll
0x00007ffc83670000 - 0x00007ffc83678000 	C:\WINDOWS\System32\PSAPI.DLL
0x00007ffc57650000 - 0x00007ffc57659000 	C:\WINDOWS\SYSTEM32\WSOCK32.dll
0x00007ffc7f070000 - 0x00007ffc7f094000 	C:\WINDOWS\SYSTEM32\WINMM.dll
0x00007ffc75f80000 - 0x00007ffc75f8a000 	C:\WINDOWS\SYSTEM32\VERSION.dll
0x00007ffc832e0000 - 0x00007ffc8334f000 	C:\WINDOWS\System32\WS2_32.dll
0x00007ffc7f040000 - 0x00007ffc7f06d000 	C:\WINDOWS\SYSTEM32\WINMMBASE.dll
0x00007ffc828b0000 - 0x00007ffc828fa000 	C:\WINDOWS\System32\cfgmgr32.dll
0x00007ffc7d9f0000 - 0x00007ffc7d9ff000 	C:\Program Files\Android\Android Studio\jre\jre\bin\verify.dll
0x00007ffc6dff0000 - 0x00007ffc6e019000 	C:\Program Files\Android\Android Studio\jre\jre\bin\java.dll
0x00007ffc6dfb0000 - 0x00007ffc6dfc6000 	C:\Program Files\Android\Android Studio\jre\jre\bin\zip.dll
0x00007ffc83820000 - 0x00007ffc83f07000 	C:\WINDOWS\System32\SHELL32.dll
0x00007ffc835c0000 - 0x00007ffc83669000 	C:\WINDOWS\System32\shcore.dll
0x00007ffc81b60000 - 0x00007ffc822e0000 	C:\WINDOWS\System32\windows.storage.dll
0x00007ffc817e0000 - 0x00007ffc81803000 	C:\WINDOWS\System32\profapi.dll
0x00007ffc81770000 - 0x00007ffc817ba000 	C:\WINDOWS\System32\powrprof.dll
0x00007ffc81740000 - 0x00007ffc81750000 	C:\WINDOWS\System32\UMPDC.dll
0x00007ffc82fc0000 - 0x00007ffc83012000 	C:\WINDOWS\System32\shlwapi.dll
0x00007ffc81750000 - 0x00007ffc81761000 	C:\WINDOWS\System32\kernel.appcore.dll
0x00007ffc82530000 - 0x00007ffc82547000 	C:\WINDOWS\System32\cryptsp.dll
0x00007ffc6d840000 - 0x00007ffc6d85a000 	C:\Program Files\Android\Android Studio\jre\jre\bin\net.dll
0x00007ffc724d0000 - 0x00007ffc726a6000 	C:\WINDOWS\SYSTEM32\urlmon.dll
0x00007ffc71cd0000 - 0x00007ffc71f76000 	C:\WINDOWS\SYSTEM32\iertutil.dll
0x00007ffc81160000 - 0x00007ffc8116c000 	C:\WINDOWS\SYSTEM32\CRYPTBASE.DLL
0x00007ffc80f90000 - 0x00007ffc80ff7000 	C:\WINDOWS\system32\mswsock.dll
0x00007ffc6cfb0000 - 0x00007ffc6cfc3000 	C:\Program Files\Android\Android Studio\jre\jre\bin\nio.dll
0x00007ffc71b40000 - 0x00007ffc71b5e000 	C:\Users\Shamshir Baig\.gradle\native\25\windows-amd64\native-platform.dll
0x00007ffc6e480000 - 0x00007ffc6e48d000 	C:\Program Files\Android\Android Studio\jre\jre\bin\management.dll
0x00007ffc80b00000 - 0x00007ffc80b33000 	C:\WINDOWS\system32\rsaenh.dll
0x00007ffc826e0000 - 0x00007ffc82706000 	C:\WINDOWS\System32\bcrypt.dll
0x00007ffc81660000 - 0x00007ffc81685000 	C:\WINDOWS\SYSTEM32\USERENV.dll
0x00007ffc80ca0000 - 0x00007ffc80cda000 	C:\WINDOWS\SYSTEM32\IPHLPAPI.DLL
0x00007ffc832d0000 - 0x00007ffc832d8000 	C:\WINDOWS\System32\NSI.dll
0x00007ffc7a330000 - 0x00007ffc7a346000 	C:\WINDOWS\SYSTEM32\dhcpcsvc6.DLL
0x00007ffc7a310000 - 0x00007ffc7a32c000 	C:\WINDOWS\SYSTEM32\dhcpcsvc.DLL
0x00007ffc80ce0000 - 0x00007ffc80dab000 	C:\WINDOWS\SYSTEM32\DNSAPI.dll

VM Arguments:
jvm_args: -Xmx1536m -Dfile.encoding=windows-1252 -Duser.country=IN -Duser.language=en -Duser.variant 
java_command: org.gradle.launcher.daemon.bootstrap.GradleDaemon 4.10.1
java_class_path (initial): C:\Users\Shamshir Baig\.gradle\wrapper\dists\gradle-4.10.1-all\455itskqi2qtf0v2sja68alqd\gradle-4.10.1\lib\gradle-launcher-4.10.1.jar
Launcher Type: SUN_STANDARD

Environment Variables:
PATH=C:\Program Files (x86)\Common Files\Oracle\Java\javapath;C:\Program Files (x86)\Common Files\Intel\Shared Libraries\redist\intel64\compiler;C:\WINDOWS\system32;C:\WINDOWS;C:\WINDOWS\System32\Wbem;"C:\WINDOWS\System32\WindowsPowerShell\v1.0\;C:\Program Files\Java\jdk\bin;C:\Program Files\Java\jre\bin";C:\WINDOWS\System32\OpenSSH\;C:\WINDOWS\System32\WindowsPowerShell\v1.0\;C:\Program Files (x86)\Microsoft SQL Server\100\Tools\Binn\;C:\Program Files\Microsoft SQL Server\100\Tools\Binn\;C:\Program Files\Microsoft SQL Server\100\DTS\Binn\;C:\Program Files (x86)\Microsoft SQL Server\150\DTS\Binn\;C:\Program Files (x86)\Windows Kits\8.1\Windows Performance Toolkit\;C:\Program Files\nodejs\;C:\Program Files\Git\cmd;C:\Python\Python38-32\Scripts\;C:\Python\Python38-32\;C:\Program Files\MySQL\MySQL Shell 8.0\bin\;C:\Users\Shamshir Baig\AppData\Local\Microsoft\WindowsApps;C:\Python\PyCharm Community Edition 2019.3.3\bin;;C:\Program Files\JetBrains\PyCharm 2019.3.4\bin;;C:\Users\Shamshir Baig\AppData\Roaming\npm;C:\Program Files\ffmpeg\bin;C:\Users\Shamshir Baig\AppData\Local\Programs\Microsoft VS Code\bin
USERNAME=Shamshir Baig
OS=Windows_NT
PROCESSOR_IDENTIFIER=Intel64 Family 6 Model 60 Stepping 3, GenuineIntel



---------------  S Y S T E M  ---------------

OS: Windows 10.0 , 64 bit Build 18362 (10.0.18362.1082)

CPU:total 4 (initial active 4) (2 cores per cpu, 2 threads per core) family 6 model 60 stepping 3, cmov, cx8, fxsr, mmx, sse, sse2, sse3, ssse3, sse4.1, sse4.2, popcnt, avx, avx2, aes, clmul, erms, lzcnt, ht, tsc, tscinvbit, bmi1, bmi2

Memory: 4k page, physical 8280228k(648008k free), swap 10231972k(5504k free)

vm_info: OpenJDK 64-Bit Server VM (25.212-b04) for windows-amd64 JRE (1.8.0_212-release-1586-b04), built by "builder" with MS VC++ 10.0 (VS2010)

time: Sun Sep 20 03:06:00 2020
timezone: India Standard Time
elapsed time: 13 seconds (0d 0h 0m 13s)

