#
# There is insufficient memory for the Java Runtime Environment to continue.
# Native memory allocation (malloc) failed to allocate 1787056 bytes for Chunk::new
# Possible reasons:
#   The system is out of physical RAM or swap space
#   The process is running with CompressedOops enabled, and the Java Heap may be blocking the growth of the native heap
# Possible solutions:
#   Reduce memory load on the system
#   Increase physical memory or swap space
#   Check if swap backing store is full
#   Decrease Java heap size (-Xmx/-Xms)
#   Decrease number of Java threads
#   Decrease Java thread stack sizes (-Xss)
#   Set larger code cache with -XX:ReservedCodeCacheSize=
#   JVM is running with Unscaled Compressed Oops mode in which the Java heap is
#     placed in the first 4GB address space. The Java Heap base address is the
#     maximum limit for the native heap growth. Please use -XX:HeapBaseMinAddress
#     to set the Java Heap base and to place the Java Heap above 4GB virtual address.
# This output file may be truncated or incomplete.
#
#  Out of Memory Error (allocation.cpp:389), pid=11904, tid=0x0000000000002d74
#
# JRE version: OpenJDK Runtime Environment (8.0_212-b04) (build 1.8.0_212-release-1586-b04)
# Java VM: OpenJDK 64-Bit Server VM (25.212-b04 mixed mode windows-amd64 compressed oops)
# Failed to write core dump. Minidumps are not enabled by default on client versions of Windows
#

---------------  T H R E A D  ---------------

Current thread (0x00000000166b3800):  JavaThread "C2 CompilerThread1" daemon [_thread_in_native, id=11636, stack(0x0000000017e30000,0x0000000017f30000)]

Stack: [0x0000000017e30000,0x0000000017f30000]
[error occurred during error reporting (printing stack bounds), id 0xc0000005]

Native frames: (J=compiled Java code, j=interpreted, Vv=VM code, C=native code)


Current CompileTask:
C2:   9576 5157   !   4       com.sun.beans.TypeResolver::resolve (274 bytes)


---------------  P R O C E S S  ---------------

Java Threads: ( => current thread )
  0x000000001f7ef800 JavaThread "Memory manager" [_thread_blocked, id=9720, stack(0x0000000022d40000,0x0000000022e40000)]
  0x000000001f7ea000 JavaThread "Build operations Thread 4" [_thread_blocked, id=10888, stack(0x0000000021a40000,0x0000000021b40000)]
  0x000000001ac62800 JavaThread "Build operations Thread 3" [_thread_blocked, id=11428, stack(0x0000000021940000,0x0000000021a40000)]
  0x000000001ac67000 JavaThread "Build operations Thread 2" [_thread_blocked, id=10256, stack(0x0000000021840000,0x0000000021940000)]
  0x000000001ac61000 JavaThread "Build operations" [_thread_blocked, id=5948, stack(0x0000000021740000,0x0000000021840000)]
  0x000000001ac64800 JavaThread "Cache worker for Artifact transforms cache (C:\Users\Shamshir Baig\.gradle\caches\transforms-1)" [_thread_blocked, id=11188, stack(0x000000001ffd0000,0x00000000200d0000)]
  0x000000001ac63000 JavaThread "Cache worker for cache directory md-rule (C:\Users\Shamshir Baig\.gradle\caches\4.10.1\md-rule)" [_thread_blocked, id=11260, stack(0x000000001fed0000,0x000000001ffd0000)]
  0x000000001ac61800 JavaThread "Cache worker for cache directory md-supplier (C:\Users\Shamshir Baig\.gradle\caches\4.10.1\md-supplier)" [_thread_blocked, id=5684, stack(0x000000001eb20000,0x000000001ec20000)]
  0x000000001ac65800 JavaThread "Cache worker for journal cache (C:\Users\Shamshir Baig\.gradle\caches\journal-1)" [_thread_blocked, id=6748, stack(0x000000001fcd0000,0x000000001fdd0000)]
  0x0000000019a31000 JavaThread "Cache worker for file hash cache (E:\Android_Projects\Test\Test\.gradle\4.10.1\fileHashes)" [_thread_blocked, id=10064, stack(0x000000001d120000,0x000000001d220000)]
  0x000000001c33f800 JavaThread "File lock request listener" [_thread_in_native, id=12252, stack(0x000000001d250000,0x000000001d350000)]
  0x000000001c050800 JavaThread "Cache worker for file hash cache (C:\Users\Shamshir Baig\.gradle\caches\4.10.1\fileHashes)" [_thread_blocked, id=7940, stack(0x000000001d020000,0x000000001d120000)]
  0x000000001881a800 JavaThread "Stdin handler" [_thread_blocked, id=12172, stack(0x000000001bd50000,0x000000001be50000)]
  0x0000000018819800 JavaThread "Asynchronous log dispatcher for DefaultDaemonConnection: socket connection from /127.0.0.1:7223 to /127.0.0.1:7224" [_thread_blocked, id=5692, stack(0x000000001bc50000,0x000000001bd50000)]
  0x0000000019039000 JavaThread "Daemon worker" [_thread_in_vm, id=4280, stack(0x000000001bb50000,0x000000001bc50000)]
  0x000000001822c800 JavaThread "Cancel handler" [_thread_blocked, id=4460, stack(0x000000001ba50000,0x000000001bb50000)]
  0x0000000019364000 JavaThread "Handler for socket connection from /127.0.0.1:7223 to /127.0.0.1:7224" [_thread_in_native, id=2244, stack(0x000000001b750000,0x000000001b850000)]
  0x0000000019360800 JavaThread "Daemon" [_thread_blocked, id=6204, stack(0x000000001b650000,0x000000001b750000)]
  0x0000000019ffc800 JavaThread "Daemon periodic checks" [_thread_blocked, id=5204, stack(0x000000001b550000,0x000000001b650000)]
  0x0000000019783800 JavaThread "Incoming local TCP Connector on port 7223" [_thread_in_native, id=11960, stack(0x000000001b310000,0x000000001b410000)]
  0x0000000018050800 JavaThread "Service Thread" daemon [_thread_blocked, id=5064, stack(0x0000000018430000,0x0000000018530000)]
  0x00000000166bc000 JavaThread "C1 CompilerThread2" daemon [_thread_blocked, id=11808, stack(0x0000000017f30000,0x0000000018030000)]
=>0x00000000166b3800 JavaThread "C2 CompilerThread1" daemon [_thread_in_native, id=11636, stack(0x0000000017e30000,0x0000000017f30000)]
  0x00000000166af000 JavaThread "C2 CompilerThread0" daemon [_thread_in_native, id=12152, stack(0x0000000017d30000,0x0000000017e30000)]
  0x00000000166ac800 JavaThread "Attach Listener" daemon [_thread_blocked, id=5380, stack(0x0000000017c30000,0x0000000017d30000)]
  0x00000000166ab800 JavaThread "Signal Dispatcher" daemon [_thread_blocked, id=11320, stack(0x0000000017b30000,0x0000000017c30000)]
  0x0000000002d3d000 JavaThread "Finalizer" daemon [_thread_blocked, id=3196, stack(0x0000000017930000,0x0000000017a30000)]
  0x0000000016699800 JavaThread "Reference Handler" daemon [_thread_blocked, id=1276, stack(0x0000000017830000,0x0000000017930000)]
  0x0000000002c42800 JavaThread "main" [_thread_blocked, id=2892, stack(0x0000000002ab0000,0x0000000002bb0000)]

Other Threads:
  0x0000000016677000 VMThread [stack: 0x0000000017730000,0x0000000017830000] [id=1440]
  0x0000000018051000 WatcherThread [stack: 0x0000000018530000,0x0000000018630000] [id=6940]

VM state:not at safepoint (normal execution)

VM Mutex/Monitor currently owned by a thread: None

heap address: 0x00000000a0000000, size: 1536 MB, Compressed Oops mode: 32-bit
Narrow klass base: 0x0000000000000000, Narrow klass shift: 3
Compressed class space size: 1073741824 Address: 0x0000000100000000

Heap:
 PSYoungGen      total 157184K, used 150409K [0x00000000e0000000, 0x00000000eb400000, 0x0000000100000000)
  eden space 144384K, 95% used [0x00000000e0000000,0x00000000e8665b68,0x00000000e8d00000)
  from space 12800K, 99% used [0x00000000ea780000,0x00000000eb3fc900,0x00000000eb400000)
  to   space 15360K, 0% used [0x00000000e9600000,0x00000000e9600000,0x00000000ea500000)
 ParOldGen       total 86528K, used 21769K [0x00000000a0000000, 0x00000000a5480000, 0x00000000e0000000)
  object space 86528K, 25% used [0x00000000a0000000,0x00000000a1542690,0x00000000a5480000)
 Metaspace       used 55521K, capacity 57320K, committed 57648K, reserved 1099776K
  class space    used 7664K, capacity 8136K, committed 8240K, reserved 1048576K

Card table byte_map: [0x0000000012100000,0x0000000012410000] byte_map_base: 0x0000000011c00000

Marking Bits: (ParMarkBitMap*) 0x0000000053259f30
 Begin Bits: [0x0000000012a10000, 0x0000000014210000)
 End Bits:   [0x0000000014210000, 0x0000000015a10000)

Polling page: 0x0000000001290000

CodeCache: size=245760Kb used=17222Kb max_used=17222Kb free=228537Kb
 bounds [0x0000000002d40000, 0x0000000003e20000, 0x0000000011d40000]
 total_blobs=5665 nmethods=4880 adapters=698
 compilation: enabled

Compilation events (10 events):
Event: 9.561 Thread 0x00000000166bc000 5291       3       org.gradle.internal.component.model.ComponentAttributeMatcher::match (272 bytes)
Event: 9.565 Thread 0x00000000166bc000 nmethod 5291 0x0000000003e16950 code [0x0000000003e17020, 0x0000000003e1c368]
Event: 9.565 Thread 0x00000000166bc000 5288       1       org.gradle.api.internal.artifacts.ivyservice.modulecache.dynamicversions.DefaultResolvedModuleVersion::getId (5 bytes)
Event: 9.565 Thread 0x00000000166bc000 nmethod 5288 0x0000000003e1ef90 code [0x0000000003e1f0e0, 0x0000000003e1f1f0]
Event: 9.565 Thread 0x00000000166bc000 5289       1       com.android.build.gradle.internal.utils.PluginVersionInfo::getDependencyGroupAndName (5 bytes)
Event: 9.565 Thread 0x00000000166bc000 nmethod 5289 0x0000000003e1f250 code [0x0000000003e1f3a0, 0x0000000003e1f4b0]
Event: 9.565 Thread 0x00000000166bc000 5293       3       org.gradle.api.internal.artifacts.ivyservice.modulecache.dynamicversions.DefaultResolvedModuleVersion::<init> (10 bytes)
Event: 9.565 Thread 0x00000000166bc000 nmethod 5293 0x0000000003e1f510 code [0x0000000003e1f660, 0x0000000003e1f830]
Event: 9.565 Thread 0x00000000166bc000 5292       3       org.gradle.internal.logging.events.ProgressStartEvent::<init> (74 bytes)
Event: 9.565 Thread 0x00000000166bc000 nmethod 5292 0x0000000003e1f8d0 code [0x0000000003e1fa40, 0x0000000003e1fe10]

GC Heap History (10 events):
Event: 3.710 GC heap before
{Heap before GC invocations=8 (full 1):
 PSYoungGen      total 77824K, used 66560K [0x00000000e0000000, 0x00000000e5700000, 0x0000000100000000)
  eden space 66560K, 100% used [0x00000000e0000000,0x00000000e4100000,0x00000000e4100000)
  from space 11264K, 0% used [0x00000000e4c00000,0x00000000e4c00000,0x00000000e5700000)
  to   space 11264K, 0% used [0x00000000e4100000,0x00000000e4100000,0x00000000e4c00000)
 ParOldGen       total 55296K, used 7967K [0x00000000a0000000, 0x00000000a3600000, 0x00000000e0000000)
  object space 55296K, 14% used [0x00000000a0000000,0x00000000a07c7c70,0x00000000a3600000)
 Metaspace       used 26784K, capacity 27288K, committed 27568K, reserved 1073152K
  class space    used 3738K, capacity 3901K, committed 4016K, reserved 1048576K
Event: 3.717 GC heap after
Heap after GC invocations=8 (full 1):
 PSYoungGen      total 77824K, used 6337K [0x00000000e0000000, 0x00000000e8400000, 0x0000000100000000)
  eden space 66560K, 0% used [0x00000000e0000000,0x00000000e0000000,0x00000000e4100000)
  from space 11264K, 56% used [0x00000000e4100000,0x00000000e4730598,0x00000000e4c00000)
  to   space 10752K, 0% used [0x00000000e7980000,0x00000000e7980000,0x00000000e8400000)
 ParOldGen       total 55296K, used 7975K [0x00000000a0000000, 0x00000000a3600000, 0x00000000e0000000)
  object space 55296K, 14% used [0x00000000a0000000,0x00000000a07c9c70,0x00000000a3600000)
 Metaspace       used 26784K, capacity 27288K, committed 27568K, reserved 1073152K
  class space    used 3738K, capacity 3901K, committed 4016K, reserved 1048576K
}
Event: 4.607 GC heap before
{Heap before GC invocations=9 (full 1):
 PSYoungGen      total 77824K, used 72897K [0x00000000e0000000, 0x00000000e8400000, 0x0000000100000000)
  eden space 66560K, 100% used [0x00000000e0000000,0x00000000e4100000,0x00000000e4100000)
  from space 11264K, 56% used [0x00000000e4100000,0x00000000e4730598,0x00000000e4c00000)
  to   space 10752K, 0% used [0x00000000e7980000,0x00000000e7980000,0x00000000e8400000)
 ParOldGen       total 55296K, used 7975K [0x00000000a0000000, 0x00000000a3600000, 0x00000000e0000000)
  object space 55296K, 14% used [0x00000000a0000000,0x00000000a07c9c70,0x00000000a3600000)
 Metaspace       used 30846K, capacity 31484K, committed 31664K, reserved 1077248K
  class space    used 4290K, capacity 4502K, committed 4528K, reserved 1048576K
Event: 4.628 GC heap after
Heap after GC invocations=9 (full 1):
 PSYoungGen      total 123392K, used 9654K [0x00000000e0000000, 0x00000000e8400000, 0x0000000100000000)
  eden space 112640K, 0% used [0x00000000e0000000,0x00000000e0000000,0x00000000e6e00000)
  from space 10752K, 89% used [0x00000000e7980000,0x00000000e82edb08,0x00000000e8400000)
  to   space 11264K, 0% used [0x00000000e6e00000,0x00000000e6e00000,0x00000000e7900000)
 ParOldGen       total 55296K, used 7975K [0x00000000a0000000, 0x00000000a3600000, 0x00000000e0000000)
  object space 55296K, 14% used [0x00000000a0000000,0x00000000a07c9c70,0x00000000a3600000)
 Metaspace       used 30846K, capacity 31484K, committed 31664K, reserved 1077248K
  class space    used 4290K, capacity 4502K, committed 4528K, reserved 1048576K
}
Event: 5.430 GC heap before
{Heap before GC invocations=10 (full 1):
 PSYoungGen      total 123392K, used 66081K [0x00000000e0000000, 0x00000000e8400000, 0x0000000100000000)
  eden space 112640K, 50% used [0x00000000e0000000,0x00000000e371aca0,0x00000000e6e00000)
  from space 10752K, 89% used [0x00000000e7980000,0x00000000e82edb08,0x00000000e8400000)
  to   space 11264K, 0% used [0x00000000e6e00000,0x00000000e6e00000,0x00000000e7900000)
 ParOldGen       total 55296K, used 7975K [0x00000000a0000000, 0x00000000a3600000, 0x00000000e0000000)
  object space 55296K, 14% used [0x00000000a0000000,0x00000000a07c9c70,0x00000000a3600000)
 Metaspace       used 34678K, capacity 35404K, committed 35496K, reserved 1079296K
  class space    used 4849K, capacity 5127K, committed 5168K, reserved 1048576K
Event: 5.447 GC heap after
Heap after GC invocations=10 (full 1):
 PSYoungGen      total 123904K, used 11251K [0x00000000e0000000, 0x00000000eb400000, 0x0000000100000000)
  eden space 112640K, 0% used [0x00000000e0000000,0x00000000e0000000,0x00000000e6e00000)
  from space 11264K, 99% used [0x00000000e6e00000,0x00000000e78fcd48,0x00000000e7900000)
  to   space 12800K, 0% used [0x00000000ea780000,0x00000000ea780000,0x00000000eb400000)
 ParOldGen       total 55296K, used 8641K [0x00000000a0000000, 0x00000000a3600000, 0x00000000e0000000)
  object space 55296K, 15% used [0x00000000a0000000,0x00000000a0870628,0x00000000a3600000)
 Metaspace       used 34678K, capacity 35404K, committed 35496K, reserved 1079296K
  class space    used 4849K, capacity 5127K, committed 5168K, reserved 1048576K
}
Event: 5.447 GC heap before
{Heap before GC invocations=11 (full 2):
 PSYoungGen      total 123904K, used 11251K [0x00000000e0000000, 0x00000000eb400000, 0x0000000100000000)
  eden space 112640K, 0% used [0x00000000e0000000,0x00000000e0000000,0x00000000e6e00000)
  from space 11264K, 99% used [0x00000000e6e00000,0x00000000e78fcd48,0x00000000e7900000)
  to   space 12800K, 0% used [0x00000000ea780000,0x00000000ea780000,0x00000000eb400000)
 ParOldGen       total 55296K, used 8641K [0x00000000a0000000, 0x00000000a3600000, 0x00000000e0000000)
  object space 55296K, 15% used [0x00000000a0000000,0x00000000a0870628,0x00000000a3600000)
 Metaspace       used 34678K, capacity 35404K, committed 35496K, reserved 1079296K
  class space    used 4849K, capacity 5127K, committed 5168K, reserved 1048576K
Event: 5.532 GC heap after
Heap after GC invocations=11 (full 2):
 PSYoungGen      total 123904K, used 0K [0x00000000e0000000, 0x00000000eb400000, 0x0000000100000000)
  eden space 112640K, 0% used [0x00000000e0000000,0x00000000e0000000,0x00000000e6e00000)
  from space 11264K, 0% used [0x00000000e6e00000,0x00000000e6e00000,0x00000000e7900000)
  to   space 12800K, 0% used [0x00000000ea780000,0x00000000ea780000,0x00000000eb400000)
 ParOldGen       total 86528K, used 19129K [0x00000000a0000000, 0x00000000a5480000, 0x00000000e0000000)
  object space 86528K, 22% used [0x00000000a0000000,0x00000000a12ae580,0x00000000a5480000)
 Metaspace       used 34678K, capacity 35404K, committed 35496K, reserved 1079296K
  class space    used 4849K, capacity 5127K, committed 5168K, reserved 1048576K
}
Event: 7.317 GC heap before
{Heap before GC invocations=12 (full 2):
 PSYoungGen      total 123904K, used 112640K [0x00000000e0000000, 0x00000000eb400000, 0x0000000100000000)
  eden space 112640K, 100% used [0x00000000e0000000,0x00000000e6e00000,0x00000000e6e00000)
  from space 11264K, 0% used [0x00000000e6e00000,0x00000000e6e00000,0x00000000e7900000)
  to   space 12800K, 0% used [0x00000000ea780000,0x00000000ea780000,0x00000000eb400000)
 ParOldGen       total 86528K, used 19129K [0x00000000a0000000, 0x00000000a5480000, 0x00000000e0000000)
  object space 86528K, 22% used [0x00000000a0000000,0x00000000a12ae580,0x00000000a5480000)
 Metaspace       used 44318K, capacity 45398K, committed 45616K, reserved 1089536K
  class space    used 6023K, capacity 6351K, committed 6448K, reserved 1048576K
Event: 7.331 GC heap after
Heap after GC invocations=12 (full 2):
 PSYoungGen      total 157184K, used 12786K [0x00000000e0000000, 0x00000000eb400000, 0x0000000100000000)
  eden space 144384K, 0% used [0x00000000e0000000,0x00000000e0000000,0x00000000e8d00000)
  from space 12800K, 99% used [0x00000000ea780000,0x00000000eb3fc900,0x00000000eb400000)
  to   space 15360K, 0% used [0x00000000e9600000,0x00000000e9600000,0x00000000ea500000)
 ParOldGen       total 86528K, used 21769K [0x00000000a0000000, 0x00000000a5480000, 0x00000000e0000000)
  object space 86528K, 25% used [0x00000000a0000000,0x00000000a1542690,0x00000000a5480000)
 Metaspace       used 44318K, capacity 45398K, committed 45616K, reserved 1089536K
  class space    used 6023K, capacity 6351K, committed 6448K, reserved 1048576K
}

Deoptimization events (10 events):
Event: 7.927 Thread 0x0000000019039000 Uncommon trap: reason=unstable_if action=reinterpret pc=0x0000000003aa8818 method=com.sun.org.apache.xerces.internal.impl.XMLEntityScanner.scanContent(Lcom/sun/org/apache/xerces/internal/xni/XMLString;)I @ 44
Event: 7.929 Thread 0x0000000019039000 Uncommon trap: reason=unstable_if action=reinterpret pc=0x0000000003a731b4 method=com.sun.org.apache.xerces.internal.impl.XMLEntityScanner.checkBeforeLoad(Lcom/sun/xml/internal/stream/Entity$ScannedEntity;II)I @ 18
Event: 8.354 Thread 0x0000000019039000 Uncommon trap: reason=unstable_if action=reinterpret pc=0x000000000389e930 method=java.io.WinNTFileSystem.normalizePrefix(Ljava/lang/String;ILjava/lang/StringBuffer;)I @ 62
Event: 9.002 Thread 0x0000000019039000 Uncommon trap: reason=unstable_if action=reinterpret pc=0x0000000003943df4 method=java.util.TreeMap.put(Ljava/lang/Object;Ljava/lang/Object;)Ljava/lang/Object; @ 163
Event: 9.211 Thread 0x0000000019039000 Uncommon trap: reason=unstable_if action=reinterpret pc=0x0000000003ac6868 method=java.util.regex.Pattern$GroupTail.match(Ljava/util/regex/Matcher;ILjava/lang/CharSequence;)Z @ 73
Event: 9.211 Thread 0x0000000019039000 Uncommon trap: reason=unstable_if action=reinterpret pc=0x0000000003ac6868 method=java.util.regex.Pattern$GroupTail.match(Ljava/util/regex/Matcher;ILjava/lang/CharSequence;)Z @ 73
Event: 9.492 Thread 0x0000000019039000 Uncommon trap: reason=unstable_if action=reinterpret pc=0x000000000387c038 method=java.lang.AbstractStringBuilder.append(I)Ljava/lang/AbstractStringBuilder; @ 16
Event: 9.492 Thread 0x0000000019039000 Uncommon trap: reason=unstable_if action=reinterpret pc=0x000000000364e850 method=java.lang.Integer.getChars(II[C)V @ 7
Event: 9.569 Thread 0x0000000019039000 Uncommon trap: reason=class_check action=maybe_recompile pc=0x00000000031a80d0 method=org.gradle.internal.logging.text.AbstractLineChoppingStyledTextOutput$StateContext.flushLineText()V @ 110
Event: 9.570 Thread 0x0000000019039000 Uncommon trap: reason=class_check action=maybe_recompile pc=0x00000000031a80d0 method=org.gradle.internal.logging.text.AbstractLineChoppingStyledTextOutput$StateContext.flushLineText()V @ 110

Classes redefined (0 events):
No events

Internal exceptions (10 events):
Event: 9.384 Thread 0x0000000019039000 Exception <a 'java/lang/ClassNotFoundException': com/google/android/gms/dependencies/DependencyAnalyzerBeanInfo> (0x00000000e7a86728) thrown at [D:\src\AOSP-openjdk-cygwin\jdk8u\hotspot\src\share\vm\classfile\systemDictionary.cpp, line 210]
Event: 9.384 Thread 0x0000000019039000 Exception <a 'java/lang/ClassNotFoundException': com/google/android/gms/dependencies/DependencyAnalyzerCustomizer> (0x00000000e7a9fde8) thrown at [D:\src\AOSP-openjdk-cygwin\jdk8u\hotspot\src\share\vm\classfile\systemDictionary.cpp, line 210]
Event: 9.392 Thread 0x0000000019039000 Exception <a 'java/lang/ClassNotFoundException': com/google/android/gms/dependencies/DependencyInspectorBeanInfo> (0x00000000e7b074b0) thrown at [D:\src\AOSP-openjdk-cygwin\jdk8u\hotspot\src\share\vm\classfile\systemDictionary.cpp, line 210]
Event: 9.392 Thread 0x0000000019039000 Exception <a 'java/lang/ClassNotFoundException': com/google/android/gms/dependencies/DependencyInspectorCustomizer> (0x00000000e7b20c00) thrown at [D:\src\AOSP-openjdk-cygwin\jdk8u\hotspot\src\share\vm\classfile\systemDictionary.cpp, line 210]
Event: 9.449 Thread 0x0000000019039000 Exception <a 'java/lang/ClassNotFoundException': org/jetbrains/plugins/gradle/model/web/WebConfigurationBeanInfo> (0x00000000e7f73260) thrown at [D:\src\AOSP-openjdk-cygwin\jdk8u\hotspot\src\share\vm\classfile\systemDictionary.cpp, line 210]
Event: 9.449 Thread 0x0000000019039000 Exception <a 'java/lang/ClassNotFoundException': org/jetbrains/plugins/gradle/model/web/WebConfigurationCustomizer> (0x00000000e7f846c0) thrown at [D:\src\AOSP-openjdk-cygwin\jdk8u\hotspot\src\share\vm\classfile\systemDictionary.cpp, line 210]
Event: 9.455 Thread 0x0000000019039000 Exception <a 'java/lang/ClassNotFoundException': org/jetbrains/plugins/gradle/model/scala/ScalaModelBeanInfo> (0x00000000e7fc88c0) thrown at [D:\src\AOSP-openjdk-cygwin\jdk8u\hotspot\src\share\vm\classfile\systemDictionary.cpp, line 210]
Event: 9.464 Thread 0x0000000019039000 Exception <a 'java/lang/ClassNotFoundException': org/jetbrains/plugins/gradle/model/scala/ScalaModelCustomizer> (0x00000000e7fd9660) thrown at [D:\src\AOSP-openjdk-cygwin\jdk8u\hotspot\src\share\vm\classfile\systemDictionary.cpp, line 210]
Event: 9.540 Thread 0x0000000019039000 Exception <a 'java/lang/NoSuchMethodError': <clinit>> (0x00000000e8356448) thrown at [D:\src\AOSP-openjdk-cygwin\jdk8u\hotspot\src\share\vm\prims\jni.cpp, line 1614]
Event: 9.541 Thread 0x0000000019039000 Exception <a 'java/lang/NoSuchMethodError': <clinit>> (0x00000000e8358fc0) thrown at [D:\src\AOSP-openjdk-cygwin\jdk8u\hotspot\src\share\vm\prims\jni.cpp, line 1614]

Events (10 events):
Event: 9.569 Executing VM operation: Deoptimize
Event: 9.569 Executing VM operation: Deoptimize done
Event: 9.569 Thread 0x0000000019039000 Uncommon trap: trap_request=0xffffffde fr.pc=0x00000000031a80d0
Event: 9.569 Thread 0x0000000019039000 DEOPT PACKING pc=0x00000000031a80d0 sp=0x000000001bc4c020
Event: 9.569 Thread 0x0000000019039000 DEOPT UNPACKING pc=0x0000000002d8557b sp=0x000000001bc4bf98 mode 2
Event: 9.570 Thread 0x0000000019039000 Uncommon trap: trap_request=0xffffffde fr.pc=0x00000000031a80d0
Event: 9.570 Thread 0x0000000019039000 DEOPT PACKING pc=0x00000000031a80d0 sp=0x000000001bc4bfb0
Event: 9.570 Thread 0x0000000019039000 DEOPT UNPACKING pc=0x0000000002d8557b sp=0x000000001bc4bf28 mode 2
Event: 9.570 loading class org/gradle/plugins/ide/idea/IdeaPlugin
Event: 9.570 loading class org/gradle/plugins/ide/idea/IdeaPlugin done


Dynamic libraries:
0x00007ff79cc30000 - 0x00007ff79cc61000 	C:\Program Files\Android\Android Studio\jre\bin\java.exe
0x00007ffc84880000 - 0x00007ffc84a70000 	C:\WINDOWS\SYSTEM32\ntdll.dll
0x00007ffc83f10000 - 0x00007ffc83fc2000 	C:\WINDOWS\System32\KERNEL32.DLL
0x00007ffc818b0000 - 0x00007ffc81b55000 	C:\WINDOWS\System32\KERNELBASE.dll
0x00007ffc83220000 - 0x00007ffc832c3000 	C:\WINDOWS\System32\ADVAPI32.dll
0x00007ffc84570000 - 0x00007ffc8460e000 	C:\WINDOWS\System32\msvcrt.dll
0x00007ffc83350000 - 0x00007ffc833e7000 	C:\WINDOWS\System32\sechost.dll
0x00007ffc83fe0000 - 0x00007ffc84100000 	C:\WINDOWS\System32\RPCRT4.dll
0x00007ffc83680000 - 0x00007ffc83815000 	C:\WINDOWS\System32\USER32.dll
0x00007ffc82900000 - 0x00007ffc82921000 	C:\WINDOWS\System32\win32u.dll
0x00007ffc83180000 - 0x00007ffc831a6000 	C:\WINDOWS\System32\GDI32.dll
0x00007ffc82710000 - 0x00007ffc828a6000 	C:\WINDOWS\System32\gdi32full.dll
0x00007ffc81810000 - 0x00007ffc818ae000 	C:\WINDOWS\System32\msvcp_win.dll
0x00007ffc822e0000 - 0x00007ffc823da000 	C:\WINDOWS\System32\ucrtbase.dll
0x00007ffc5cb00000 - 0x00007ffc5cd84000 	C:\WINDOWS\WinSxS\amd64_microsoft.windows.common-controls_6595b64144ccf1df_6.0.18362.1082_none_9e8193e1e45b25c1\COMCTL32.dll
0x00007ffc82b40000 - 0x00007ffc82e75000 	C:\WINDOWS\System32\combase.dll
0x00007ffc825b0000 - 0x00007ffc82630000 	C:\WINDOWS\System32\bcryptPrimitives.dll
0x00007ffc83590000 - 0x00007ffc835be000 	C:\WINDOWS\System32\IMM32.DLL
0x00000000528d0000 - 0x00000000529a2000 	C:\Program Files\Android\Android Studio\jre\jre\bin\msvcr100.dll
0x0000000052a90000 - 0x00000000532d6000 	C:\Program Files\Android\Android Studio\jre\jre\bin\server\jvm.dll
0x00007ffc83670000 - 0x00007ffc83678000 	C:\WINDOWS\System32\PSAPI.DLL
0x00007ffc57650000 - 0x00007ffc57659000 	C:\WINDOWS\SYSTEM32\WSOCK32.dll
0x00007ffc75f80000 - 0x00007ffc75f8a000 	C:\WINDOWS\SYSTEM32\VERSION.dll
0x00007ffc7f070000 - 0x00007ffc7f094000 	C:\WINDOWS\SYSTEM32\WINMM.dll
0x00007ffc832e0000 - 0x00007ffc8334f000 	C:\WINDOWS\System32\WS2_32.dll
0x00007ffc7f040000 - 0x00007ffc7f06d000 	C:\WINDOWS\SYSTEM32\winmmbase.dll
0x00007ffc828b0000 - 0x00007ffc828fa000 	C:\WINDOWS\System32\cfgmgr32.dll
0x00007ffc7d9f0000 - 0x00007ffc7d9ff000 	C:\Program Files\Android\Android Studio\jre\jre\bin\verify.dll
0x00007ffc6dff0000 - 0x00007ffc6e019000 	C:\Program Files\Android\Android Studio\jre\jre\bin\java.dll
0x00007ffc6dfb0000 - 0x00007ffc6dfc6000 	C:\Program Files\Android\Android Studio\jre\jre\bin\zip.dll
0x00007ffc83820000 - 0x00007ffc83f07000 	C:\WINDOWS\System32\SHELL32.dll
0x00007ffc835c0000 - 0x00007ffc83669000 	C:\WINDOWS\System32\shcore.dll
0x00007ffc81b60000 - 0x00007ffc822e0000 	C:\WINDOWS\System32\windows.storage.dll
0x00007ffc817e0000 - 0x00007ffc81803000 	C:\WINDOWS\System32\profapi.dll
0x00007ffc81770000 - 0x00007ffc817ba000 	C:\WINDOWS\System32\powrprof.dll
0x00007ffc81740000 - 0x00007ffc81750000 	C:\WINDOWS\System32\UMPDC.dll
0x00007ffc82fc0000 - 0x00007ffc83012000 	C:\WINDOWS\System32\shlwapi.dll
0x00007ffc81750000 - 0x00007ffc81761000 	C:\WINDOWS\System32\kernel.appcore.dll
0x00007ffc82530000 - 0x00007ffc82547000 	C:\WINDOWS\System32\cryptsp.dll
0x00007ffc6d840000 - 0x00007ffc6d85a000 	C:\Program Files\Android\Android Studio\jre\jre\bin\net.dll
0x00007ffc724d0000 - 0x00007ffc726a6000 	C:\WINDOWS\SYSTEM32\urlmon.dll
0x00007ffc71cd0000 - 0x00007ffc71f76000 	C:\WINDOWS\SYSTEM32\iertutil.dll
0x00007ffc81160000 - 0x00007ffc8116c000 	C:\WINDOWS\SYSTEM32\CRYPTBASE.DLL
0x00007ffc80f90000 - 0x00007ffc80ff7000 	C:\WINDOWS\system32\mswsock.dll
0x00007ffc6cfb0000 - 0x00007ffc6cfc3000 	C:\Program Files\Android\Android Studio\jre\jre\bin\nio.dll
0x00007ffc71b40000 - 0x00007ffc71b5e000 	C:\Users\Shamshir Baig\.gradle\native\25\windows-amd64\native-platform.dll
0x00007ffc6e480000 - 0x00007ffc6e48d000 	C:\Program Files\Android\Android Studio\jre\jre\bin\management.dll
0x00007ffc80b00000 - 0x00007ffc80b33000 	C:\WINDOWS\system32\rsaenh.dll
0x00007ffc826e0000 - 0x00007ffc82706000 	C:\WINDOWS\System32\bcrypt.dll
0x00007ffc81660000 - 0x00007ffc81685000 	C:\WINDOWS\SYSTEM32\USERENV.dll
0x00007ffc80ca0000 - 0x00007ffc80cda000 	C:\WINDOWS\SYSTEM32\IPHLPAPI.DLL
0x00007ffc832d0000 - 0x00007ffc832d8000 	C:\WINDOWS\System32\NSI.dll
0x00007ffc7a330000 - 0x00007ffc7a346000 	C:\WINDOWS\SYSTEM32\dhcpcsvc6.DLL
0x00007ffc7a310000 - 0x00007ffc7a32c000 	C:\WINDOWS\SYSTEM32\dhcpcsvc.DLL
0x00007ffc80ce0000 - 0x00007ffc80dab000 	C:\WINDOWS\SYSTEM32\DNSAPI.dll

VM Arguments:
jvm_args: -Xmx1536m -Dfile.encoding=windows-1252 -Duser.country=IN -Duser.language=en -Duser.variant 
java_command: org.gradle.launcher.daemon.bootstrap.GradleDaemon 4.10.1
java_class_path (initial): C:\Users\Shamshir Baig\.gradle\wrapper\dists\gradle-4.10.1-all\455itskqi2qtf0v2sja68alqd\gradle-4.10.1\lib\gradle-launcher-4.10.1.jar
Launcher Type: SUN_STANDARD

Environment Variables:
PATH=C:\Program Files (x86)\Common Files\Oracle\Java\javapath;C:\Program Files (x86)\Common Files\Intel\Shared Libraries\redist\intel64\compiler;C:\WINDOWS\system32;C:\WINDOWS;C:\WINDOWS\System32\Wbem;"C:\WINDOWS\System32\WindowsPowerShell\v1.0\;C:\Program Files\Java\jdk\bin;C:\Program Files\Java\jre\bin";C:\WINDOWS\System32\OpenSSH\;C:\WINDOWS\System32\WindowsPowerShell\v1.0\;C:\Program Files (x86)\Microsoft SQL Server\100\Tools\Binn\;C:\Program Files\Microsoft SQL Server\100\Tools\Binn\;C:\Program Files\Microsoft SQL Server\100\DTS\Binn\;C:\Program Files (x86)\Microsoft SQL Server\150\DTS\Binn\;C:\Program Files (x86)\Windows Kits\8.1\Windows Performance Toolkit\;C:\Program Files\nodejs\;C:\Program Files\Git\cmd;C:\Python\Python38-32\Scripts\;C:\Python\Python38-32\;C:\Program Files\MySQL\MySQL Shell 8.0\bin\;C:\Users\Shamshir Baig\AppData\Local\Microsoft\WindowsApps;C:\Python\PyCharm Community Edition 2019.3.3\bin;;C:\Program Files\JetBrains\PyCharm 2019.3.4\bin;;C:\Users\Shamshir Baig\AppData\Roaming\npm;C:\Program Files\ffmpeg\bin;C:\Users\Shamshir Baig\AppData\Local\Programs\Microsoft VS Code\bin
USERNAME=Shamshir Baig
OS=Windows_NT
PROCESSOR_IDENTIFIER=Intel64 Family 6 Model 60 Stepping 3, GenuineIntel



---------------  S Y S T E M  ---------------

OS: Windows 10.0 , 64 bit Build 18362 (10.0.18362.1082)

CPU:total 4 (initial active 4) (2 cores per cpu, 2 threads per core) family 6 model 60 stepping 3, cmov, cx8, fxsr, mmx, sse, sse2, sse3, ssse3, sse4.1, sse4.2, popcnt, avx, avx2, aes, clmul, erms, lzcnt, ht, tsc, tscinvbit, bmi1, bmi2

Memory: 4k page, physical 8280228k(706008k free), swap 10231972k(5368k free)

vm_info: OpenJDK 64-Bit Server VM (25.212-b04) for windows-amd64 JRE (1.8.0_212-release-1586-b04), built by "builder" with MS VC++ 10.0 (VS2010)

time: Sun Sep 20 03:04:07 2020
timezone: India Standard Time
elapsed time: 9 seconds (0d 0h 0m 9s)

