#
# There is insufficient memory for the Java Runtime Environment to continue.
# Native memory allocation (malloc) failed to allocate 32744 bytes for ChunkPool::allocate
# Possible reasons:
#   The system is out of physical RAM or swap space
#   The process is running with CompressedOops enabled, and the Java Heap may be blocking the growth of the native heap
# Possible solutions:
#   Reduce memory load on the system
#   Increase physical memory or swap space
#   Check if swap backing store is full
#   Decrease Java heap size (-Xmx/-Xms)
#   Decrease number of Java threads
#   Decrease Java thread stack sizes (-Xss)
#   Set larger code cache with -XX:ReservedCodeCacheSize=
#   JVM is running with Unscaled Compressed Oops mode in which the Java heap is
#     placed in the first 4GB address space. The Java Heap base address is the
#     maximum limit for the native heap growth. Please use -XX:HeapBaseMinAddress
#     to set the Java Heap base and to place the Java Heap above 4GB virtual address.
# This output file may be truncated or incomplete.
#
#  Out of Memory Error (allocation.cpp:272), pid=11072, tid=0x0000000000002f84
#
# JRE version: OpenJDK Runtime Environment (8.0_212-b04) (build 1.8.0_212-release-1586-b04)
# Java VM: OpenJDK 64-Bit Server VM (25.212-b04 mixed mode windows-amd64 compressed oops)
# Failed to write core dump. Minidumps are not enabled by default on client versions of Windows
#

---------------  T H R E A D  ---------------

Current thread (0x0000000015dbb000):  JavaThread "C1 CompilerThread2" daemon [_thread_in_vm, id=12164, stack(0x0000000017600000,0x0000000017700000)]

Stack: [0x0000000017600000,0x0000000017700000]
[error occurred during error reporting (printing stack bounds), id 0xc0000005]

Native frames: (J=compiled Java code, j=interpreted, Vv=VM code, C=native code)


Current CompileTask:
C1:  12379 5827       3       org.gradle.api.internal.file.collections.DefaultFileCollectionResolveContext$FileCollectionConverter::convertInto (205 bytes)


---------------  P R O C E S S  ---------------

Java Threads: ( => current thread )
  0x00000000193c6000 JavaThread "Memory manager" [_thread_blocked, id=11892, stack(0x00000000200d0000,0x00000000201d0000)]
  0x00000000193c0800 JavaThread "Build operations Thread 4" [_thread_blocked, id=11812, stack(0x0000000020420000,0x0000000020520000)]
  0x00000000193c3800 JavaThread "Build operations Thread 3" [_thread_blocked, id=11972, stack(0x0000000020320000,0x0000000020420000)]
  0x000000001a3fd800 JavaThread "Build operations Thread 2" [_thread_blocked, id=9692, stack(0x0000000020220000,0x0000000020320000)]
  0x000000001a3fc000 JavaThread "Build operations" [_thread_blocked, id=10500, stack(0x000000001f990000,0x000000001fa90000)]
  0x000000001a3f8800 JavaThread "Cache worker for Artifact transforms cache (C:\Users\Shamshir Baig\.gradle\caches\transforms-1)" [_thread_blocked, id=11324, stack(0x000000001f690000,0x000000001f790000)]
  0x000000001a3fa800 JavaThread "Cache worker for cache directory md-rule (C:\Users\Shamshir Baig\.gradle\caches\4.10.1\md-rule)" [_thread_blocked, id=10332, stack(0x000000001f590000,0x000000001f690000)]
  0x000000001a3fb800 JavaThread "Cache worker for cache directory md-supplier (C:\Users\Shamshir Baig\.gradle\caches\4.10.1\md-supplier)" [_thread_blocked, id=10148, stack(0x000000001dfc0000,0x000000001e0c0000)]
  0x000000001a3fe800 JavaThread "Cache worker for journal cache (C:\Users\Shamshir Baig\.gradle\caches\journal-1)" [_thread_blocked, id=11944, stack(0x000000001e100000,0x000000001e200000)]
  0x000000001a3fd000 JavaThread "Cache worker for file hash cache (E:\Android_Projects\Test\Test\.gradle\4.10.1\fileHashes)" [_thread_blocked, id=10560, stack(0x000000001d8c0000,0x000000001d9c0000)]
  0x0000000019e3a000 JavaThread "File lock request listener" [_thread_in_native, id=11344, stack(0x000000001c7f0000,0x000000001c8f0000)]
  0x000000001a034000 JavaThread "Cache worker for file hash cache (C:\Users\Shamshir Baig\.gradle\caches\4.10.1\fileHashes)" [_thread_blocked, id=5672, stack(0x000000001c6f0000,0x000000001c7f0000)]
  0x0000000017eb6800 JavaThread "Stdin handler" [_thread_blocked, id=12160, stack(0x000000001b420000,0x000000001b520000)]
  0x0000000019187000 JavaThread "Asynchronous log dispatcher for DefaultDaemonConnection: socket connection from /127.0.0.1:7215 to /127.0.0.1:7216" [_thread_blocked, id=6812, stack(0x000000001b320000,0x000000001b420000)]
  0x0000000018e5e800 JavaThread "Daemon worker" [_thread_in_Java, id=6668, stack(0x000000001b220000,0x000000001b320000)]
  0x0000000017eb1800 JavaThread "Cancel handler" [_thread_blocked, id=832, stack(0x000000001b120000,0x000000001b220000)]
  0x0000000017db4800 JavaThread "Handler for socket connection from /127.0.0.1:7215 to /127.0.0.1:7216" [_thread_in_native, id=4412, stack(0x000000001ae20000,0x000000001af20000)]
  0x0000000017db3800 JavaThread "Daemon" [_thread_blocked, id=7568, stack(0x000000001ad20000,0x000000001ae20000)]
  0x0000000019001000 JavaThread "Daemon periodic checks" [_thread_blocked, id=5608, stack(0x000000001ac20000,0x000000001ad20000)]
  0x0000000018c89000 JavaThread "Incoming local TCP Connector on port 7215" [_thread_in_native, id=7984, stack(0x000000001a9e0000,0x000000001aae0000)]
  0x0000000015e0e800 JavaThread "Service Thread" daemon [_thread_blocked, id=4052, stack(0x0000000017b00000,0x0000000017c00000)]
=>0x0000000015dbb000 JavaThread "C1 CompilerThread2" daemon [_thread_in_vm, id=12164, stack(0x0000000017600000,0x0000000017700000)]
  0x0000000015db6000 JavaThread "C2 CompilerThread1" daemon [_thread_in_native, id=11292, stack(0x0000000017500000,0x0000000017600000)]
  0x0000000015daf000 JavaThread "C2 CompilerThread0" daemon [_thread_in_native, id=11844, stack(0x0000000017400000,0x0000000017500000)]
  0x0000000015dad000 JavaThread "Attach Listener" daemon [_thread_blocked, id=11048, stack(0x0000000017300000,0x0000000017400000)]
  0x0000000015dab800 JavaThread "Signal Dispatcher" daemon [_thread_blocked, id=9064, stack(0x0000000017200000,0x0000000017300000)]
  0x0000000015d98800 JavaThread "Finalizer" daemon [_thread_blocked, id=12096, stack(0x0000000017000000,0x0000000017100000)]
  0x0000000002434800 JavaThread "Reference Handler" daemon [_thread_blocked, id=1488, stack(0x0000000016f00000,0x0000000017000000)]
  0x0000000002342800 JavaThread "main" [_thread_blocked, id=1588, stack(0x0000000002150000,0x0000000002250000)]

Other Threads:
  0x0000000015d76800 VMThread [stack: 0x0000000016e00000,0x0000000016f00000] [id=4628]
  0x0000000017722000 WatcherThread [stack: 0x0000000017c00000,0x0000000017d00000] [id=11664]

VM state:not at safepoint (normal execution)

VM Mutex/Monitor currently owned by a thread: None

heap address: 0x00000000a0000000, size: 1536 MB, Compressed Oops mode: 32-bit
Narrow klass base: 0x0000000000000000, Narrow klass shift: 3
Compressed class space size: 1073741824 Address: 0x0000000100000000

Heap:
 PSYoungGen      total 215040K, used 38656K [0x00000000e0000000, 0x00000000ef880000, 0x0000000100000000)
  eden space 198144K, 19% used [0x00000000e0000000,0x00000000e25c0228,0x00000000ec180000)
  from space 16896K, 0% used [0x00000000ed280000,0x00000000ed280000,0x00000000ee300000)
  to   space 17408K, 0% used [0x00000000ec180000,0x00000000ec180000,0x00000000ed280000)
 ParOldGen       total 82432K, used 34650K [0x00000000a0000000, 0x00000000a5080000, 0x00000000e0000000)
  object space 82432K, 42% used [0x00000000a0000000,0x00000000a21d6b98,0x00000000a5080000)
 Metaspace       used 58226K, capacity 60176K, committed 60312K, reserved 1101824K
  class space    used 8039K, capacity 8555K, committed 8600K, reserved 1048576K

Card table byte_map: [0x0000000011800000,0x0000000011b10000] byte_map_base: 0x0000000011300000

Marking Bits: (ParMarkBitMap*) 0x0000000053259f30
 Begin Bits: [0x0000000012110000, 0x0000000013910000)
 End Bits:   [0x0000000013910000, 0x0000000015110000)

Polling page: 0x00000000004d0000

CodeCache: size=245760Kb used=18375Kb max_used=18375Kb free=227384Kb
 bounds [0x0000000002440000, 0x0000000003650000, 0x0000000011440000]
 total_blobs=6105 nmethods=5314 adapters=704
 compilation: enabled

Compilation events (10 events):
Event: 12.376 Thread 0x0000000015dbb000 nmethod 5821 0x000000000363c310 code [0x000000000363c680, 0x000000000363e438]
Event: 12.376 Thread 0x0000000015dbb000 5822       3       org.gradle.internal.typeconversion.NotationConverterToNotationParserAdapter::parseNotation (41 bytes)
Event: 12.376 Thread 0x0000000015dbb000 nmethod 5822 0x000000000363f550 code [0x000000000363f700, 0x000000000363fbd8]
Event: 12.376 Thread 0x0000000015dbb000 5823       3       org.gradle.internal.typeconversion.NotationConverterToNotationParserAdapter$ResultImpl::<init> (5 bytes)
Event: 12.377 Thread 0x0000000015dbb000 nmethod 5823 0x000000000363fe10 code [0x000000000363ff80, 0x0000000003640190]
Event: 12.377 Thread 0x0000000015dbb000 5824       3       org.gradle.internal.typeconversion.NotationConverterToNotationParserAdapter$ResultImpl::<init> (5 bytes)
Event: 12.377 Thread 0x0000000015dbb000 nmethod 5824 0x0000000003640290 code [0x00000000036403e0, 0x0000000003640590]
Event: 12.377 Thread 0x0000000015dbb000 5826       1       org.gradle.api.internal.file.collections.ListBackedFileSet::getFiles (5 bytes)
Event: 12.377 Thread 0x0000000015dbb000 nmethod 5826 0x0000000003640650 code [0x00000000036407a0, 0x00000000036408b0]
Event: 12.378 Thread 0x0000000015dbb000 5827       3       org.gradle.api.internal.file.collections.DefaultFileCollectionResolveContext$FileCollectionConverter::convertInto (205 bytes)

GC Heap History (10 events):
Event: 6.801 GC heap before
{Heap before GC invocations=11 (full 2):
 PSYoungGen      total 128000K, used 11254K [0x00000000e0000000, 0x00000000ebd00000, 0x0000000100000000)
  eden space 116736K, 0% used [0x00000000e0000000,0x00000000e0000000,0x00000000e7200000)
  from space 11264K, 99% used [0x00000000e7200000,0x00000000e7cfd9f8,0x00000000e7d00000)
  to   space 12800K, 0% used [0x00000000eb080000,0x00000000eb080000,0x00000000ebd00000)
 ParOldGen       total 53760K, used 8685K [0x00000000a0000000, 0x00000000a3480000, 0x00000000e0000000)
  object space 53760K, 16% used [0x00000000a0000000,0x00000000a087b468,0x00000000a3480000)
 Metaspace       used 34694K, capacity 35404K, committed 35496K, reserved 1079296K
  class space    used 4852K, capacity 5127K, committed 5168K, reserved 1048576K
Event: 6.873 GC heap after
Heap after GC invocations=11 (full 2):
 PSYoungGen      total 128000K, used 0K [0x00000000e0000000, 0x00000000ebd00000, 0x0000000100000000)
  eden space 116736K, 0% used [0x00000000e0000000,0x00000000e0000000,0x00000000e7200000)
  from space 11264K, 0% used [0x00000000e7200000,0x00000000e7200000,0x00000000e7d00000)
  to   space 12800K, 0% used [0x00000000eb080000,0x00000000eb080000,0x00000000ebd00000)
 ParOldGen       total 82432K, used 19130K [0x00000000a0000000, 0x00000000a5080000, 0x00000000e0000000)
  object space 82432K, 23% used [0x00000000a0000000,0x00000000a12aea70,0x00000000a5080000)
 Metaspace       used 34694K, capacity 35404K, committed 35496K, reserved 1079296K
  class space    used 4852K, capacity 5127K, committed 5168K, reserved 1048576K
}
Event: 8.337 GC heap before
{Heap before GC invocations=12 (full 2):
 PSYoungGen      total 128000K, used 116736K [0x00000000e0000000, 0x00000000ebd00000, 0x0000000100000000)
  eden space 116736K, 100% used [0x00000000e0000000,0x00000000e7200000,0x00000000e7200000)
  from space 11264K, 0% used [0x00000000e7200000,0x00000000e7200000,0x00000000e7d00000)
  to   space 12800K, 0% used [0x00000000eb080000,0x00000000eb080000,0x00000000ebd00000)
 ParOldGen       total 82432K, used 19130K [0x00000000a0000000, 0x00000000a5080000, 0x00000000e0000000)
  object space 82432K, 23% used [0x00000000a0000000,0x00000000a12aea70,0x00000000a5080000)
 Metaspace       used 44745K, capacity 45778K, committed 45872K, reserved 1089536K
  class space    used 6102K, capacity 6415K, committed 6448K, reserved 1048576K
Event: 8.357 GC heap after
Heap after GC invocations=12 (full 2):
 PSYoungGen      total 166400K, used 12787K [0x00000000e0000000, 0x00000000ebd00000, 0x0000000100000000)
  eden space 153600K, 0% used [0x00000000e0000000,0x00000000e0000000,0x00000000e9600000)
  from space 12800K, 99% used [0x00000000eb080000,0x00000000ebcfce38,0x00000000ebd00000)
  to   space 15360K, 0% used [0x00000000e9f00000,0x00000000e9f00000,0x00000000eae00000)
 ParOldGen       total 82432K, used 22317K [0x00000000a0000000, 0x00000000a5080000, 0x00000000e0000000)
  object space 82432K, 27% used [0x00000000a0000000,0x00000000a15cb4f0,0x00000000a5080000)
 Metaspace       used 44745K, capacity 45778K, committed 45872K, reserved 1089536K
  class space    used 6102K, capacity 6415K, committed 6448K, reserved 1048576K
}
Event: 10.413 GC heap before
{Heap before GC invocations=13 (full 2):
 PSYoungGen      total 166400K, used 166387K [0x00000000e0000000, 0x00000000ebd00000, 0x0000000100000000)
  eden space 153600K, 100% used [0x00000000e0000000,0x00000000e9600000,0x00000000e9600000)
  from space 12800K, 99% used [0x00000000eb080000,0x00000000ebcfce38,0x00000000ebd00000)
  to   space 15360K, 0% used [0x00000000e9f00000,0x00000000e9f00000,0x00000000eae00000)
 ParOldGen       total 82432K, used 22317K [0x00000000a0000000, 0x00000000a5080000, 0x00000000e0000000)
  object space 82432K, 27% used [0x00000000a0000000,0x00000000a15cb4f0,0x00000000a5080000)
 Metaspace       used 56395K, capacity 58322K, committed 58544K, reserved 1099776K
  class space    used 7812K, capacity 8297K, committed 8368K, reserved 1048576K
Event: 10.435 GC heap after
Heap after GC invocations=13 (full 2):
 PSYoungGen      total 178176K, used 14260K [0x00000000e0000000, 0x00000000ee300000, 0x0000000100000000)
  eden space 162816K, 0% used [0x00000000e0000000,0x00000000e0000000,0x00000000e9f00000)
  from space 15360K, 92% used [0x00000000e9f00000,0x00000000eaced320,0x00000000eae00000)
  to   space 16896K, 0% used [0x00000000ed280000,0x00000000ed280000,0x00000000ee300000)
 ParOldGen       total 82432K, used 31117K [0x00000000a0000000, 0x00000000a5080000, 0x00000000e0000000)
  object space 82432K, 37% used [0x00000000a0000000,0x00000000a1e636e8,0x00000000a5080000)
 Metaspace       used 56395K, capacity 58322K, committed 58544K, reserved 1099776K
  class space    used 7812K, capacity 8297K, committed 8368K, reserved 1048576K
}
Event: 10.701 GC heap before
{Heap before GC invocations=14 (full 2):
 PSYoungGen      total 178176K, used 29693K [0x00000000e0000000, 0x00000000ee300000, 0x0000000100000000)
  eden space 162816K, 9% used [0x00000000e0000000,0x00000000e0f12430,0x00000000e9f00000)
  from space 15360K, 92% used [0x00000000e9f00000,0x00000000eaced320,0x00000000eae00000)
  to   space 16896K, 0% used [0x00000000ed280000,0x00000000ed280000,0x00000000ee300000)
 ParOldGen       total 82432K, used 31117K [0x00000000a0000000, 0x00000000a5080000, 0x00000000e0000000)
  object space 82432K, 37% used [0x00000000a0000000,0x00000000a1e636e8,0x00000000a5080000)
 Metaspace       used 57113K, capacity 58996K, committed 59160K, reserved 1099776K
  class space    used 7903K, capacity 8374K, committed 8472K, reserved 1048576K
Event: 10.717 GC heap after
Heap after GC invocations=14 (full 2):
 PSYoungGen      total 215040K, used 1812K [0x00000000e0000000, 0x00000000ef880000, 0x0000000100000000)
  eden space 198144K, 0% used [0x00000000e0000000,0x00000000e0000000,0x00000000ec180000)
  from space 16896K, 10% used [0x00000000ed280000,0x00000000ed4450e0,0x00000000ee300000)
  to   space 17408K, 0% used [0x00000000ec180000,0x00000000ec180000,0x00000000ed280000)
 ParOldGen       total 82432K, used 39028K [0x00000000a0000000, 0x00000000a5080000, 0x00000000e0000000)
  object space 82432K, 47% used [0x00000000a0000000,0x00000000a261d1a0,0x00000000a5080000)
 Metaspace       used 57113K, capacity 58996K, committed 59160K, reserved 1099776K
  class space    used 7903K, capacity 8374K, committed 8472K, reserved 1048576K
}
Event: 10.717 GC heap before
{Heap before GC invocations=15 (full 3):
 PSYoungGen      total 215040K, used 1812K [0x00000000e0000000, 0x00000000ef880000, 0x0000000100000000)
  eden space 198144K, 0% used [0x00000000e0000000,0x00000000e0000000,0x00000000ec180000)
  from space 16896K, 10% used [0x00000000ed280000,0x00000000ed4450e0,0x00000000ee300000)
  to   space 17408K, 0% used [0x00000000ec180000,0x00000000ec180000,0x00000000ed280000)
 ParOldGen       total 82432K, used 39028K [0x00000000a0000000, 0x00000000a5080000, 0x00000000e0000000)
  object space 82432K, 47% used [0x00000000a0000000,0x00000000a261d1a0,0x00000000a5080000)
 Metaspace       used 57113K, capacity 58996K, committed 59160K, reserved 1099776K
  class space    used 7903K, capacity 8374K, committed 8472K, reserved 1048576K
Event: 10.915 GC heap after
Heap after GC invocations=15 (full 3):
 PSYoungGen      total 215040K, used 0K [0x00000000e0000000, 0x00000000ef880000, 0x0000000100000000)
  eden space 198144K, 0% used [0x00000000e0000000,0x00000000e0000000,0x00000000ec180000)
  from space 16896K, 0% used [0x00000000ed280000,0x00000000ed280000,0x00000000ee300000)
  to   space 17408K, 0% used [0x00000000ec180000,0x00000000ec180000,0x00000000ed280000)
 ParOldGen       total 82432K, used 34650K [0x00000000a0000000, 0x00000000a5080000, 0x00000000e0000000)
  object space 82432K, 42% used [0x00000000a0000000,0x00000000a21d6b98,0x00000000a5080000)
 Metaspace       used 57113K, capacity 58996K, committed 59160K, reserved 1099776K
  class space    used 7903K, capacity 8374K, committed 8472K, reserved 1048576K
}

Deoptimization events (10 events):
Event: 10.529 Thread 0x0000000018e5e800 Uncommon trap: reason=unstable_if action=reinterpret pc=0x00000000028e6a94 method=java.util.WeakHashMap.expungeStaleEntries()V @ 66
Event: 10.619 Thread 0x0000000018e5e800 Uncommon trap: reason=bimorphic action=maybe_recompile pc=0x000000000316cb40 method=java.util.Hashtable.get(Ljava/lang/Object;)Ljava/lang/Object; @ 6
Event: 10.619 Thread 0x0000000018e5e800 Uncommon trap: reason=bimorphic action=maybe_recompile pc=0x000000000316cb40 method=java.util.Hashtable.get(Ljava/lang/Object;)Ljava/lang/Object; @ 6
Event: 10.619 Thread 0x0000000018e5e800 Uncommon trap: reason=bimorphic action=maybe_recompile pc=0x000000000316cb40 method=java.util.Hashtable.get(Ljava/lang/Object;)Ljava/lang/Object; @ 6
Event: 10.619 Thread 0x0000000018e5e800 Uncommon trap: reason=bimorphic action=maybe_recompile pc=0x000000000316cb40 method=java.util.Hashtable.get(Ljava/lang/Object;)Ljava/lang/Object; @ 6
Event: 10.646 Thread 0x0000000018e5e800 Uncommon trap: reason=unstable_if action=reinterpret pc=0x000000000260d694 method=java.lang.String.replace(CC)Ljava/lang/String; @ 2
Event: 10.650 Thread 0x0000000018e5e800 Uncommon trap: reason=unstable_if action=reinterpret pc=0x00000000034c405c method=org.codehaus.groovy.runtime.metaclass.MetaMethodIndex.copyNonPrivateNonNewMetaMethods(Lorg/codehaus/groovy/runtime/metaclass/MetaMethodIndex$Entry;Lorg/codehaus/groovy/runti
Event: 10.651 Thread 0x0000000018e5e800 Uncommon trap: reason=unstable_if action=reinterpret pc=0x0000000003579084 method=groovy.lang.MetaClassImpl$1MOPIter.methodNameAction(Ljava/lang/Class;Lorg/codehaus/groovy/runtime/metaclass/MetaMethodIndex$Entry;)V @ 53
Event: 10.699 Thread 0x0000000018e5e800 Uncommon trap: reason=unstable_if action=reinterpret pc=0x0000000002e79698 method=groovy.lang.MetaClassImpl.checkIfStdMethod(Lgroovy/lang/MetaMethod;)V @ 167
Event: 10.935 Thread 0x0000000018e5e800 Uncommon trap: reason=unstable_if action=reinterpret pc=0x0000000002e85d04 method=groovy.lang.MetaClassImpl.checkIfStdMethod(Lgroovy/lang/MetaMethod;)V @ 167

Classes redefined (0 events):
No events

Internal exceptions (10 events):
Event: 11.045 Thread 0x0000000018e5e800 Exception <a 'java/lang/ClassNotFoundException': org/gradle/api/internal/plugins/ExtensionsStorage$ExtensionHolderBeanInfo> (0x00000000e0ae07e8) thrown at [D:\src\AOSP-openjdk-cygwin\jdk8u\hotspot\src\share\vm\classfile\systemDictionary.cpp, line 210]
Event: 11.045 Thread 0x0000000018e5e800 Exception <a 'java/lang/ClassNotFoundException': org/gradle/api/internal/plugins/ExtensionsStorage$ExtensionHolderCustomizer> (0x00000000e0afa870) thrown at [D:\src\AOSP-openjdk-cygwin\jdk8u\hotspot\src\share\vm\classfile\systemDictionary.cpp, line 210]
Event: 12.244 Thread 0x0000000018e5e800 Exception <a 'java/lang/ClassNotFoundException': com/android/build/gradle/tasks/factory/AndroidUnitTest_DecoratedBeanInfo> (0x00000000e1c664b8) thrown at [D:\src\AOSP-openjdk-cygwin\jdk8u\hotspot\src\share\vm\classfile\systemDictionary.cpp, line 210]
Event: 12.245 Thread 0x0000000018e5e800 Exception <a 'java/lang/ClassNotFoundException': com/android/build/gradle/tasks/factory/AndroidUnitTestBeanInfo> (0x00000000e1c7e690) thrown at [D:\src\AOSP-openjdk-cygwin\jdk8u\hotspot\src\share\vm\classfile\systemDictionary.cpp, line 210]
Event: 12.245 Thread 0x0000000018e5e800 Exception <a 'java/lang/ClassNotFoundException': org/gradle/api/tasks/testing/TestBeanInfo> (0x00000000e1c9e308) thrown at [D:\src\AOSP-openjdk-cygwin\jdk8u\hotspot\src\share\vm\classfile\systemDictionary.cpp, line 210]
Event: 12.245 Thread 0x0000000018e5e800 Exception <a 'java/lang/ClassNotFoundException': org/gradle/api/tasks/testing/AbstractTestTaskBeanInfo> (0x00000000e1cc43b0) thrown at [D:\src\AOSP-openjdk-cygwin\jdk8u\hotspot\src\share\vm\classfile\systemDictionary.cpp, line 210]
Event: 12.246 Thread 0x0000000018e5e800 Exception <a 'java/lang/ClassNotFoundException': org/gradle/api/tasks/testing/AbstractTestTaskCustomizer> (0x00000000e1ceae30) thrown at [D:\src\AOSP-openjdk-cygwin\jdk8u\hotspot\src\share\vm\classfile\systemDictionary.cpp, line 210]
Event: 12.247 Thread 0x0000000018e5e800 Exception <a 'java/lang/ClassNotFoundException': org/gradle/api/tasks/testing/TestCustomizer> (0x00000000e1d3a328) thrown at [D:\src\AOSP-openjdk-cygwin\jdk8u\hotspot\src\share\vm\classfile\systemDictionary.cpp, line 210]
Event: 12.252 Thread 0x0000000018e5e800 Exception <a 'java/lang/ClassNotFoundException': com/android/build/gradle/tasks/factory/AndroidUnitTestCustomizer> (0x00000000e1e29ae8) thrown at [D:\src\AOSP-openjdk-cygwin\jdk8u\hotspot\src\share\vm\classfile\systemDictionary.cpp, line 210]
Event: 12.253 Thread 0x0000000018e5e800 Exception <a 'java/lang/ClassNotFoundException': com/android/build/gradle/tasks/factory/AndroidUnitTest_DecoratedCustomizer> (0x00000000e1e6c288) thrown at [D:\src\AOSP-openjdk-cygwin\jdk8u\hotspot\src\share\vm\classfile\systemDictionary.cpp, line 210]

Events (10 events):
Event: 12.372 loading class com/android/build/gradle/internal/ide/BaseConfigImpl
Event: 12.372 loading class com/android/build/gradle/internal/ide/BaseConfigImpl done
Event: 12.373 loading class com/android/build/gradle/internal/ide/ApiVersionImpl
Event: 12.373 loading class com/android/build/gradle/internal/ide/ApiVersionImpl done
Event: 12.374 loading class com/android/build/gradle/internal/ide/BuildTypeContainerImpl
Event: 12.374 loading class com/android/build/gradle/internal/ide/BuildTypeContainerImpl done
Event: 12.375 loading class com/android/builder/model/BuildTypeContainer
Event: 12.375 loading class com/android/builder/model/BuildTypeContainer done
Event: 12.377 loading class com/android/build/gradle/internal/ide/BuildTypeImpl
Event: 12.377 loading class com/android/build/gradle/internal/ide/BuildTypeImpl done


Dynamic libraries:
0x00007ff79cc30000 - 0x00007ff79cc61000 	C:\Program Files\Android\Android Studio\jre\bin\java.exe
0x00007ffc84880000 - 0x00007ffc84a70000 	C:\WINDOWS\SYSTEM32\ntdll.dll
0x00007ffc83f10000 - 0x00007ffc83fc2000 	C:\WINDOWS\System32\KERNEL32.DLL
0x00007ffc818b0000 - 0x00007ffc81b55000 	C:\WINDOWS\System32\KERNELBASE.dll
0x00007ffc83220000 - 0x00007ffc832c3000 	C:\WINDOWS\System32\ADVAPI32.dll
0x00007ffc84570000 - 0x00007ffc8460e000 	C:\WINDOWS\System32\msvcrt.dll
0x00007ffc83350000 - 0x00007ffc833e7000 	C:\WINDOWS\System32\sechost.dll
0x00007ffc83fe0000 - 0x00007ffc84100000 	C:\WINDOWS\System32\RPCRT4.dll
0x00007ffc83680000 - 0x00007ffc83815000 	C:\WINDOWS\System32\USER32.dll
0x00007ffc82900000 - 0x00007ffc82921000 	C:\WINDOWS\System32\win32u.dll
0x00007ffc83180000 - 0x00007ffc831a6000 	C:\WINDOWS\System32\GDI32.dll
0x00007ffc82710000 - 0x00007ffc828a6000 	C:\WINDOWS\System32\gdi32full.dll
0x00007ffc81810000 - 0x00007ffc818ae000 	C:\WINDOWS\System32\msvcp_win.dll
0x00007ffc822e0000 - 0x00007ffc823da000 	C:\WINDOWS\System32\ucrtbase.dll
0x00007ffc5cb00000 - 0x00007ffc5cd84000 	C:\WINDOWS\WinSxS\amd64_microsoft.windows.common-controls_6595b64144ccf1df_6.0.18362.1082_none_9e8193e1e45b25c1\COMCTL32.dll
0x00007ffc82b40000 - 0x00007ffc82e75000 	C:\WINDOWS\System32\combase.dll
0x00007ffc825b0000 - 0x00007ffc82630000 	C:\WINDOWS\System32\bcryptPrimitives.dll
0x00007ffc83590000 - 0x00007ffc835be000 	C:\WINDOWS\System32\IMM32.DLL
0x00000000528d0000 - 0x00000000529a2000 	C:\Program Files\Android\Android Studio\jre\jre\bin\msvcr100.dll
0x0000000052a90000 - 0x00000000532d6000 	C:\Program Files\Android\Android Studio\jre\jre\bin\server\jvm.dll
0x00007ffc83670000 - 0x00007ffc83678000 	C:\WINDOWS\System32\PSAPI.DLL
0x00007ffc57650000 - 0x00007ffc57659000 	C:\WINDOWS\SYSTEM32\WSOCK32.dll
0x00007ffc832e0000 - 0x00007ffc8334f000 	C:\WINDOWS\System32\WS2_32.dll
0x00007ffc7f070000 - 0x00007ffc7f094000 	C:\WINDOWS\SYSTEM32\WINMM.dll
0x00007ffc75f80000 - 0x00007ffc75f8a000 	C:\WINDOWS\SYSTEM32\VERSION.dll
0x00007ffc7f040000 - 0x00007ffc7f06d000 	C:\WINDOWS\SYSTEM32\WINMMBASE.dll
0x00007ffc828b0000 - 0x00007ffc828fa000 	C:\WINDOWS\System32\cfgmgr32.dll
0x00007ffc7d9f0000 - 0x00007ffc7d9ff000 	C:\Program Files\Android\Android Studio\jre\jre\bin\verify.dll
0x00007ffc6dff0000 - 0x00007ffc6e019000 	C:\Program Files\Android\Android Studio\jre\jre\bin\java.dll
0x00007ffc6dfb0000 - 0x00007ffc6dfc6000 	C:\Program Files\Android\Android Studio\jre\jre\bin\zip.dll
0x00007ffc83820000 - 0x00007ffc83f07000 	C:\WINDOWS\System32\SHELL32.dll
0x00007ffc835c0000 - 0x00007ffc83669000 	C:\WINDOWS\System32\shcore.dll
0x00007ffc81b60000 - 0x00007ffc822e0000 	C:\WINDOWS\System32\windows.storage.dll
0x00007ffc817e0000 - 0x00007ffc81803000 	C:\WINDOWS\System32\profapi.dll
0x00007ffc81770000 - 0x00007ffc817ba000 	C:\WINDOWS\System32\powrprof.dll
0x00007ffc81740000 - 0x00007ffc81750000 	C:\WINDOWS\System32\UMPDC.dll
0x00007ffc82fc0000 - 0x00007ffc83012000 	C:\WINDOWS\System32\shlwapi.dll
0x00007ffc81750000 - 0x00007ffc81761000 	C:\WINDOWS\System32\kernel.appcore.dll
0x00007ffc82530000 - 0x00007ffc82547000 	C:\WINDOWS\System32\cryptsp.dll
0x00007ffc6d840000 - 0x00007ffc6d85a000 	C:\Program Files\Android\Android Studio\jre\jre\bin\net.dll
0x00007ffc724d0000 - 0x00007ffc726a6000 	C:\WINDOWS\SYSTEM32\urlmon.dll
0x00007ffc71cd0000 - 0x00007ffc71f76000 	C:\WINDOWS\SYSTEM32\iertutil.dll
0x00007ffc81160000 - 0x00007ffc8116c000 	C:\WINDOWS\SYSTEM32\CRYPTBASE.DLL
0x00007ffc80f90000 - 0x00007ffc80ff7000 	C:\WINDOWS\system32\mswsock.dll
0x00007ffc6cfb0000 - 0x00007ffc6cfc3000 	C:\Program Files\Android\Android Studio\jre\jre\bin\nio.dll
0x00007ffc71b40000 - 0x00007ffc71b5e000 	C:\Users\Shamshir Baig\.gradle\native\25\windows-amd64\native-platform.dll
0x00007ffc6e480000 - 0x00007ffc6e48d000 	C:\Program Files\Android\Android Studio\jre\jre\bin\management.dll
0x00007ffc80b00000 - 0x00007ffc80b33000 	C:\WINDOWS\system32\rsaenh.dll
0x00007ffc826e0000 - 0x00007ffc82706000 	C:\WINDOWS\System32\bcrypt.dll
0x00007ffc81660000 - 0x00007ffc81685000 	C:\WINDOWS\SYSTEM32\USERENV.dll
0x00007ffc80ca0000 - 0x00007ffc80cda000 	C:\WINDOWS\SYSTEM32\IPHLPAPI.DLL
0x00007ffc832d0000 - 0x00007ffc832d8000 	C:\WINDOWS\System32\NSI.dll
0x00007ffc7a330000 - 0x00007ffc7a346000 	C:\WINDOWS\SYSTEM32\dhcpcsvc6.DLL
0x00007ffc7a310000 - 0x00007ffc7a32c000 	C:\WINDOWS\SYSTEM32\dhcpcsvc.DLL
0x00007ffc80ce0000 - 0x00007ffc80dab000 	C:\WINDOWS\SYSTEM32\DNSAPI.dll

VM Arguments:
jvm_args: -Xmx1536m -Dfile.encoding=windows-1252 -Duser.country=IN -Duser.language=en -Duser.variant 
java_command: org.gradle.launcher.daemon.bootstrap.GradleDaemon 4.10.1
java_class_path (initial): C:\Users\Shamshir Baig\.gradle\wrapper\dists\gradle-4.10.1-all\455itskqi2qtf0v2sja68alqd\gradle-4.10.1\lib\gradle-launcher-4.10.1.jar
Launcher Type: SUN_STANDARD

Environment Variables:
PATH=C:\Program Files (x86)\Common Files\Oracle\Java\javapath;C:\Program Files (x86)\Common Files\Intel\Shared Libraries\redist\intel64\compiler;C:\WINDOWS\system32;C:\WINDOWS;C:\WINDOWS\System32\Wbem;"C:\WINDOWS\System32\WindowsPowerShell\v1.0\;C:\Program Files\Java\jdk\bin;C:\Program Files\Java\jre\bin";C:\WINDOWS\System32\OpenSSH\;C:\WINDOWS\System32\WindowsPowerShell\v1.0\;C:\Program Files (x86)\Microsoft SQL Server\100\Tools\Binn\;C:\Program Files\Microsoft SQL Server\100\Tools\Binn\;C:\Program Files\Microsoft SQL Server\100\DTS\Binn\;C:\Program Files (x86)\Microsoft SQL Server\150\DTS\Binn\;C:\Program Files (x86)\Windows Kits\8.1\Windows Performance Toolkit\;C:\Program Files\nodejs\;C:\Program Files\Git\cmd;C:\Python\Python38-32\Scripts\;C:\Python\Python38-32\;C:\Program Files\MySQL\MySQL Shell 8.0\bin\;C:\Users\Shamshir Baig\AppData\Local\Microsoft\WindowsApps;C:\Python\PyCharm Community Edition 2019.3.3\bin;;C:\Program Files\JetBrains\PyCharm 2019.3.4\bin;;C:\Users\Shamshir Baig\AppData\Roaming\npm;C:\Program Files\ffmpeg\bin;C:\Users\Shamshir Baig\AppData\Local\Programs\Microsoft VS Code\bin
USERNAME=Shamshir Baig
OS=Windows_NT
PROCESSOR_IDENTIFIER=Intel64 Family 6 Model 60 Stepping 3, GenuineIntel



---------------  S Y S T E M  ---------------

OS: Windows 10.0 , 64 bit Build 18362 (10.0.18362.1082)

CPU:total 4 (initial active 4) (2 cores per cpu, 2 threads per core) family 6 model 60 stepping 3, cmov, cx8, fxsr, mmx, sse, sse2, sse3, ssse3, sse4.1, sse4.2, popcnt, avx, avx2, aes, clmul, erms, lzcnt, ht, tsc, tscinvbit, bmi1, bmi2

Memory: 4k page, physical 8280228k(689088k free), swap 10231972k(5156k free)

vm_info: OpenJDK 64-Bit Server VM (25.212-b04) for windows-amd64 JRE (1.8.0_212-release-1586-b04), built by "builder" with MS VC++ 10.0 (VS2010)

time: Sun Sep 20 03:03:51 2020
timezone: India Standard Time
elapsed time: 12 seconds (0d 0h 0m 12s)

