JvmtiExport can_access_local_variables 0
JvmtiExport can_hotswap_or_post_breakpoint 0
JvmtiExport can_post_on_exceptions 0
# 117 ciObject found
ciMethod java/util/Collection addAll (Ljava/util/Collection;)Z 0 0 1 0 -1
ciMethod org/gradle/api/internal/file/collections/DefaultFileCollectionResolveContext resolveAsFileCollections ()Ljava/util/List; 1857 1 232 0 -1
ciMethod org/gradle/api/internal/file/collections/DefaultFileCollectionResolveContext doResolve (Lorg/gradle/api/internal/file/collections/DefaultFileCollectionResolveContext$Converter;)Ljava/util/List; 1905 3553 234 0 -1
ciMethod org/gradle/api/internal/file/collections/DefaultFileCollectionResolveContext$FileCollectionConverter convertInto (Ljava/lang/Object;Ljava/util/Collection;Lorg/gradle/internal/file/PathToFileResolver;)V 2081 1 259 0 -1
ciMethodData org/gradle/api/internal/file/collections/DefaultFileCollectionResolveContext$FileCollectionConverter convertInto (Ljava/lang/Object;Ljava/util/Collection;Lorg/gradle/internal/file/PathToFileResolver;)V 1 261 orig 264 8 206 3 83 0 0 0 0 192 213 131 31 0 0 0 0 224 6 0 0 176 4 0 0 0 0 0 0 0 0 0 0 0 0 0 0 0 0 0 0 0 0 0 0 0 0 0 0 0 0 0 0 0 0 0 0 0 0 0 0 0 0 0 0 0 0 0 0 0 0 0 0 0 0 0 0 0 0 0 0 77 68 79 32 101 120 116 114 97 32 100 97 116 97 32 108 111 99 107 0 0 0 0 0 0 0 0 0 0 0 0 0 0 0 0 0 0 0 0 0 0 0 0 0 0 0 0 0 0 0 0 0 0 0 0 0 0 0 0 0 0 0 0 0 0 0 0 0 0 0 0 0 0 0 0 0 0 0 0 0 0 0 0 0 0 0 0 0 0 0 0 0 0 0 0 0 0 0 0 0 0 0 0 0 0 0 0 0 0 0 0 0 0 0 0 0 0 0 0 0 0 0 0 0 0 0 0 0 0 0 0 0 0 0 0 0 3 1 0 0 1 0 0 0 1 0 0 0 0 0 0 0 0 0 0 0 2 0 0 0 0 0 0 0 0 0 0 0 128 5 0 0 255 255 255 255 4 0 1 0 0 0 0 0 data 176 0x10004 0x0 0x0 0x0 0x0 0x0 0x40007 0x0 0xc8 0x0 0x80004 0x0 0x0 0x0 0x0 0x0 0x100005 0x0 0x0 0x0 0x0 0x0 0x130005 0x0 0x0 0x0 0x0 0x0 0x190003 0x0 0x4a0 0x1d0004 0x0 0x234adc0 0x0 0x0 0x0 0x200007 0x0 0xa8 0x0 0x240004 0x0 0x0 0x0 0x0 0x0 0x2f0002 0x0 0x320005 0x0 0x0 0x0 0x0 0x0 0x380003 0x0 0x3c8 0x3c0004 0x0 0x234adc0 0x0 0x0 0x0 0x3f0007 0x0 0xa8 0x0 0x430004 0x0 0x0 0x0 0x0 0x0 0x530002 0x0 0x560005 0x0 0x0 0x0 0x0 0x0 0x5c0003 0x0 0x2f0 0x600004 0x0 0x234adc0 0x0 0x0 0x0 0x630007 0x0 0xa8 0x0 0x670004 0x0 0x0 0x0 0x0 0x0 0x730002 0x0 0x760005 0x0 0x0 0x0 0x0 0x0 0x7c0003 0x0 0x218 0x800004 0x0 0x234adc0 0x0 0x0 0x0 0x830007 0x0 0xd0 0x0 0x930005 0x0 0x0 0x0 0x0 0x0 0x960005 0x0 0x0 0x0 0x0 0x0 0x990004 0x0 0x0 0x0 0x0 0x0 0x9a0002 0x0 0x9d0002 0x0 0xa20004 0x0 0x234adc0 0x0 0x0 0x0 0xa50007 0x0 0x20 0x0 0xba0005 0x0 0x18f2f310 0x0 0x0 0x0 0xbf0004 0x0 0x0 0x0 0x0 0x0 0xc00002 0x0 0xc30002 0x0 0xc60005 0x0 0x0 0x0 0x0 0x0 oops 6 33 java/lang/String 60 java/lang/String 87 java/lang/String 114 java/lang/String 146 java/lang/String 156 org/gradle/api/internal/file/BaseDirFileResolver
ciMethodData org/gradle/api/internal/file/collections/DefaultFileCollectionResolveContext resolveAsFileCollections ()Ljava/util/List; 1 232 orig 264 8 206 3 83 0 0 0 0 32 191 131 31 0 0 0 0 48 1 0 0 0 0 0 0 0 0 0 0 0 0 0 0 0 0 0 0 0 0 0 0 0 0 0 0 0 0 0 0 0 0 0 0 0 0 0 0 0 0 0 0 0 0 0 0 0 0 0 0 0 0 0 0 0 0 0 0 0 0 0 0 77 68 79 32 101 120 116 114 97 32 100 97 116 97 32 108 111 99 107 0 0 0 0 0 0 0 0 0 0 0 0 0 0 0 0 0 0 0 0 0 0 0 0 0 0 0 0 0 0 0 0 0 0 0 0 0 0 0 0 0 0 0 0 0 0 0 0 0 0 0 0 0 0 0 0 0 0 0 0 0 0 0 0 0 0 0 0 0 0 0 0 0 0 0 0 0 0 0 0 0 0 0 0 0 0 0 0 0 0 0 0 0 0 0 0 0 0 0 0 0 0 0 0 0 0 0 0 0 0 0 0 0 0 0 0 0 232 0 0 0 1 0 0 0 1 0 0 0 0 0 0 0 0 0 0 0 2 0 0 0 0 0 0 0 0 0 0 0 16 0 0 0 255 255 255 255 2 0 5 0 0 0 0 0 data 2 0x50002 0x0 oops 0
ciMethodData org/gradle/api/internal/file/collections/DefaultFileCollectionResolveContext doResolve (Lorg/gradle/api/internal/file/collections/DefaultFileCollectionResolveContext$Converter;)Ljava/util/List; 1 445 orig 264 8 206 3 83 0 0 0 0 184 194 131 31 0 0 0 0 248 11 0 0 0 0 0 0 0 0 0 0 0 0 0 0 0 0 0 0 0 0 0 0 0 0 0 0 0 0 0 0 0 0 0 0 0 0 0 0 0 0 0 0 0 0 0 0 0 0 0 0 0 0 0 0 0 0 0 0 0 0 0 0 77 68 79 32 101 120 116 114 97 32 100 97 116 97 32 108 111 99 107 0 0 0 0 0 0 0 0 0 0 0 0 0 0 0 0 0 0 0 0 0 0 0 0 0 0 0 0 0 0 0 0 0 0 0 0 0 0 0 0 0 0 0 0 0 0 0 0 0 0 0 0 0 0 0 0 0 0 0 0 0 0 0 0 0 0 0 0 0 0 0 0 0 0 0 0 0 0 0 0 0 0 0 0 0 0 0 0 0 0 0 0 0 0 0 0 0 0 0 0 0 0 0 0 0 0 0 0 0 0 0 0 0 0 0 0 0 185 1 0 0 1 0 0 0 1 0 0 0 0 0 0 0 0 0 0 0 2 0 0 0 0 0 0 0 0 0 0 0 168 10 0 0 255 255 255 255 2 0 4 0 0 0 0 0 data 341 0x40002 0x0 0xc0005 0x0 0x0 0x0 0x0 0x0 0x110007 0x0 0xa68 0x0 0x190005 0x0 0x0 0x0 0x0 0x0 0x200004 0x0 0x0 0x0 0x0 0x0 0x230007 0x0 0x98 0x0 0x270004 0x0 0x0 0x0 0x0 0x0 0x340005 0x0 0x0 0x0 0x0 0x0 0x390003 0x0 0x950 0x3d0004 0x0 0x0 0x0 0x0 0x0 0x400007 0x0 0x98 0x0 0x440004 0x0 0x0 0x0 0x0 0x0 0x4e0005 0x0 0x0 0x0 0x0 0x0 0x510003 0x0 0x888 0x550004 0x0 0x0 0x0 0x0 0x0 0x580007 0x0 0x70 0x0 0x5c0004 0x0 0x0 0x0 0x0 0x0 0x5f0007 0x0 0x68 0x0 0x690005 0x0 0x0 0x0 0x0 0x0 0x6e0003 0x0 0x7a0 0x720004 0x0 0x0 0x0 0x0 0x0 0x750007 0x0 0xf8 0x0 0x790004 0x0 0x0 0x0 0x0 0x0 0x850005 0x0 0x0 0x0 0x0 0x0 0x8a0005 0x0 0x0 0x0 0x0 0x0 0x8f0005 0x0 0x0 0x0 0x0 0x0 0x940003 0x0 0x678 0x980004 0x0 0x0 0x0 0x0 0x0 0x9b0007 0x0 0xc8 0x0 0x9f0004 0x0 0x0 0x0 0x0 0x0 0xab0005 0x0 0x0 0x0 0x0 0x0 0xb00005 0x0 0x0 0x0 0x0 0x0 0xb50003 0x0 0x580 0xb90004 0x0 0x0 0x0 0x0 0x0 0xbc0007 0x0 0xc8 0x0 0xc00004 0x0 0x0 0x0 0x0 0x0 0xc70002 0x0 0xce0007 0x0 0x50 0x0 0xd80005 0x0 0x0 0x0 0x0 0x0 0xdd0003 0x0 0x488 0xe10004 0x0 0x0 0x0 0x0 0x0 0xe40007 0x0 0xc8 0x0 0xe80004 0x0 0x0 0x0 0x0 0x0 0xef0005 0x0 0x0 0x0 0x0 0x0 0xfd0005 0x0 0x0 0x0 0x0 0x0 0x1020003 0x0 0x390 0x1060004 0x0 0x0 0x0 0x0 0x0 0x1090007 0x0 0xc8 0x0 0x1120004 0x0 0x0 0x0 0x0 0x0 0x1150005 0x0 0x0 0x0 0x0 0x0 0x11a0005 0x0 0x0 0x0 0x0 0x0 0x11f0003 0x0 0x298 0x1230004 0x0 0x0 0x0 0x0 0x0 0x1260007 0x0 0xd8 0x0 0x12a0004 0x0 0x0 0x0 0x0 0x0 0x1350005 0x0 0x0 0x0 0x0 0x0 0x1420004 0x0 0x0 0x0 0x0 0x0 0x1430002 0x0 0x1470003 0x0 0x190 0x14b0004 0x0 0x0 0x0 0x0 0x0 0x14e0007 0x0 0x118 0x0 0x1520004 0x0 0x0 0x0 0x0 0x0 0x1550004 0x0 0x0 0x0 0x0 0x0 0x1600005 0x0 0x0 0x0 0x0 0x0 0x16d0002 0x0 0x1700004 0x0 0x0 0x0 0x0 0x0 0x1710002 0x0 0x1750003 0x0 0x48 0x17f0005 0x0 0x0 0x0 0x0 0x0 0x1840003 0x0 0xfffffffffffff580 oops 0
instanceKlass com/android/build/gradle/internal/ide/BuildTypeContainerImpl
instanceKlass com/android/builder/model/BuildTypeContainer
instanceKlass com/android/build/gradle/internal/ide/ApiVersionImpl
instanceKlass com/android/build/gradle/internal/ide/BaseConfigImpl
instanceKlass com/android/build/gradle/internal/ide/SourceProviderImpl
instanceKlass com/android/build/gradle/internal/ide/SourceProviderContainerImpl$$Lambda$275
instanceKlass com/android/build/gradle/internal/ide/SourceProviderContainerImpl
instanceKlass com/android/builder/model/SourceProviderContainer
instanceKlass com/android/build/gradle/internal/ide/ProductFlavorContainerImpl
instanceKlass com/android/builder/model/ProductFlavorContainer
instanceKlass com/android/build/gradle/internal/ide/AaptOptionsImpl
instanceKlass com/android/builder/model/AaptOptions
instanceKlass com/android/build/gradle/internal/ide/ArtifactMetaDataImpl
instanceKlass com/android/builder/model/ArtifactMetaData
instanceKlass com/android/builder/core/VariantType$Companion
instanceKlass org/gradle/tooling/internal/adapter/ProtocolToModelAdapter$MethodInvocationCache$MethodInvocationKey
instanceKlass org/gradle/tooling/internal/adapter/MethodInvocation
instanceKlass org/gradle/tooling/internal/adapter/ProtocolToModelAdapter$AdaptingMethodInvoker
instanceKlass org/gradle/tooling/internal/adapter/ProtocolToModelAdapter$PropertyCachingMethodInvoker
instanceKlass org/gradle/tooling/internal/adapter/ProtocolToModelAdapter$SafeMethodInvoker
instanceKlass org/gradle/tooling/internal/adapter/ProtocolToModelAdapter$SupportedPropertyInvoker
instanceKlass org/gradle/tooling/internal/adapter/ProtocolToModelAdapter$InvocationHandlerImpl
instanceKlass org/gradle/tooling/internal/adapter/ProtocolToModelAdapter$ViewKey
instanceKlass org/gradle/tooling/internal/adapter/ProtocolToModelAdapter$ViewGraphDetails
instanceKlass org/gradle/tooling/internal/adapter/ProtocolToModelAdapter$MixInMappingAction
instanceKlass org/gradle/tooling/internal/adapter/ProtocolToModelAdapter$DefaultViewBuilder
instanceKlass org/gradle/tooling/internal/adapter/CollectionMapper
instanceKlass org/gradle/tooling/internal/adapter/TypeInspector
instanceKlass org/gradle/tooling/internal/adapter/ProtocolToModelAdapter$MethodInvocationCache
instanceKlass org/gradle/tooling/internal/adapter/ProtocolToModelAdapter$ReflectionMethodInvoker
instanceKlass org/gradle/tooling/internal/adapter/MethodInvoker
instanceKlass org/gradle/tooling/internal/adapter/ProtocolToModelAdapter$1
instanceKlass org/gradle/tooling/internal/adapter/ProtocolToModelAdapter$NoOpDecoration
instanceKlass org/gradle/tooling/internal/adapter/ViewBuilder
instanceKlass org/gradle/tooling/internal/adapter/TargetTypeProvider
instanceKlass org/gradle/tooling/internal/adapter/ProtocolToModelAdapter$ViewDecoration
instanceKlass org/gradle/tooling/internal/adapter/ProtocolToModelAdapter
instanceKlass org/gradle/tooling/internal/adapter/ObjectGraphAdapter
instanceKlass com/android/builder/model/ModelBuilderParameter
instanceKlass org/gradle/tooling/internal/consumer/connection/ToolingParameterProxy
instanceKlass com/android/tools/idea/gradle/project/sync/idea/svs/AndroidExtraModelProvider$findParameterizedAndroidModel$model$1
instanceKlass org/gradle/api/Action
instanceKlass com/android/builder/model/ModelBuilderParameter
instanceKlass com/android/builder/model/AndroidProject
instanceKlass org/jetbrains/plugins/gradle/model/tests/DefaultExternalTestSourceMapping
instanceKlass org/jetbrains/plugins/gradle/model/tests/ExternalTestSourceMapping
instanceKlass org/gradle/internal/featurelifecycle/DefaultDeprecatedUsageProgressDetails
instanceKlass org/gradle/internal/featurelifecycle/DeprecatedUsageProgressDetails
instanceKlass org/jetbrains/plugins/gradle/model/GradleConvention
instanceKlass org/gradle/api/internal/tasks/testing/detection/TestFrameworkDetector
instanceKlass org/gradle/api/internal/tasks/testing/WorkerTestClassProcessorFactory
instanceKlass com/android/builder/model/NativeAndroidProject
instanceKlass com/android/builder/model/AppBundleProjectBuildOutput
instanceKlass com/android/builder/model/Variant
instanceKlass com/android/builder/model/level2/GlobalLibraryMap
instanceKlass com/android/builder/model/AndroidProject
instanceKlass org/jetbrains/plugins/gradle/model/tests/ExternalTestSourceMapping
instanceKlass org/jetbrains/plugins/gradle/model/tests/DefaultExternalTestsModel
instanceKlass org/jetbrains/plugins/gradle/model/ClasspathEntryModel
instanceKlass org/jetbrains/plugins/gradle/tooling/internal/ClasspathEntryModelImpl
instanceKlass org/jetbrains/plugins/gradle/model/ExternalProjectDependency
instanceKlass org/jetbrains/plugins/gradle/tooling/util/DependencyTraverser$Itr
instanceKlass org/jetbrains/plugins/gradle/tooling/util/DependencyTraverser
instanceKlass org/jetbrains/plugins/gradle/tooling/util/resolve/ExternalDepsResolutionResult
instanceKlass org/gradle/api/artifacts/result/UnresolvedDependencyResult
instanceKlass org/gradle/internal/impldep/com/google/common/io/Files$3
instanceKlass org/gradle/internal/impldep/com/google/common/collect/FluentIterable
instanceKlass org/gradle/internal/impldep/com/google/common/io/LineProcessor
instanceKlass org/gradle/internal/impldep/com/google/common/io/ByteSink
instanceKlass org/gradle/internal/impldep/com/google/common/io/ByteSource
instanceKlass org/gradle/internal/impldep/com/google/common/graph/SuccessorsFunction
instanceKlass org/gradle/internal/impldep/com/google/common/collect/TreeTraverser
instanceKlass org/gradle/internal/impldep/com/google/common/io/Files
instanceKlass org/jetbrains/plugins/gradle/DefaultExternalDependencyId
instanceKlass com/intellij/util/Consumer
instanceKlass org/jetbrains/plugins/gradle/ExternalDependencyId
instanceKlass org/gradle/internal/impldep/com/google/common/collect/AbstractMapBasedMultimap$WrappedCollection$WrappedIterator
instanceKlass org/gradle/internal/impldep/com/google/common/base/ExtraObjectsMethodsForWeb
instanceKlass org/jetbrains/plugins/gradle/tooling/util/resolve/DependencyResultsTransformer$AttributesBasedKey
instanceKlass org/gradle/api/internal/artifacts/result/AbstractDependencyResult
instanceKlass org/gradle/api/artifacts/result/ResolvedDependencyResult
instanceKlass org/gradle/api/internal/artifacts/ivyservice/resolveengine/result/DefaultDependencyResult
instanceKlass org/gradle/api/internal/artifacts/ivyservice/resolveengine/result/StreamingResolutionResultBuilder$RootFactory$1$1
instanceKlass org/gradle/cache/internal/BinaryStore$ReadAction
instanceKlass org/gradle/api/internal/artifacts/ivyservice/resolveengine/result/StreamingResolutionResultBuilder$RootFactory$1
instanceKlass org/gradle/api/internal/artifacts/configurations/DefaultConfiguration$ConfigurationResolvableDependencies$LenientResolutionResult
instanceKlass org/jetbrains/plugins/gradle/tooling/util/resolve/DependencyResultsTransformer$ComponentResultKey
instanceKlass org/jetbrains/plugins/gradle/tooling/util/resolve/DependencyResultsTransformer
instanceKlass org/gradle/api/internal/artifacts/result/DefaultArtifactResolutionResult
instanceKlass org/gradle/api/internal/artifacts/ivyservice/modulecache/artifacts/DefaultCachedArtifacts
instanceKlass org/gradle/api/internal/artifacts/ivyservice/modulecache/artifacts/InMemoryModuleArtifactsCache$ModuleArtifactsCacheEntry
instanceKlass org/gradle/api/internal/artifacts/ivyservice/modulecache/artifacts/ArtifactsAtRepositoryKey
instanceKlass org/gradle/api/internal/artifacts/result/DefaultComponentArtifactsResult
instanceKlass org/gradle/api/artifacts/result/ComponentArtifactsResult
instanceKlass org/gradle/api/artifacts/result/ComponentResult
instanceKlass org/gradle/api/artifacts/result/ArtifactResolutionResult
instanceKlass org/gradle/api/internal/artifacts/query/DefaultArtifactResolutionQuery
instanceKlass org/jetbrains/plugins/gradle/tooling/util/ModuleIdentifierImpl
instanceKlass org/jetbrains/plugins/gradle/tooling/util/ModuleComponentIdentifierImpl
instanceKlass org/gradle/internal/impldep/com/google/common/collect/CollectPreconditions
instanceKlass org/gradle/internal/impldep/com/google/common/collect/Hashing
instanceKlass org/gradle/internal/impldep/com/google/common/collect/Platform
instanceKlass org/gradle/internal/impldep/com/google/common/collect/Multiset
instanceKlass org/gradle/internal/impldep/com/google/common/collect/AbstractMultimap
instanceKlass org/gradle/internal/impldep/com/google/common/collect/ListMultimap
instanceKlass org/gradle/api/internal/artifacts/ivyservice/DefaultLenientConfiguration$LenientArtifactCollectingVisitor
instanceKlass org/gradle/api/internal/artifacts/ivyservice/ErrorHandlingConfigurationResolver$ErrorHandlingLenientConfiguration
instanceKlass org/jetbrains/plugins/gradle/tooling/util/resolve/ArtifactQueryResolver
instanceKlass org/jetbrains/plugins/gradle/model/FileCollectionDependency
instanceKlass org/jetbrains/plugins/gradle/model/AbstractExternalDependency
instanceKlass org/jetbrains/plugins/gradle/model/ExternalLibraryDependency
instanceKlass org/gradle/internal/impldep/com/google/common/base/Predicate
instanceKlass org/gradle/internal/impldep/com/google/common/base/Function
instanceKlass org/jetbrains/plugins/gradle/model/ExternalDependency
instanceKlass org/gradle/internal/impldep/com/google/common/collect/Multimap
instanceKlass org/jetbrains/plugins/gradle/tooling/util/resolve/DependencyResolverImpl
instanceKlass org/jetbrains/plugins/gradle/tooling/util/DependencyResolver
instanceKlass org/jetbrains/plugins/gradle/tooling/internal/BuildScriptClasspathModelImpl
instanceKlass org/jetbrains/plugins/gradle/model/GradleConfiguration
instanceKlass org/jetbrains/plugins/gradle/model/GradleConvention
instanceKlass org/jetbrains/plugins/gradle/model/GradleExtension
instanceKlass org/jetbrains/plugins/gradle/model/GradleProperty
instanceKlass org/jetbrains/plugins/gradle/model/GradleExtension
instanceKlass org/gradle/api/internal/plugins/ExtensionsStorage$1
instanceKlass org/gradle/api/internal/plugins/DefaultExtensionsSchema
instanceKlass org/jetbrains/plugins/gradle/model/DefaultGradleProperty
instanceKlass org/jetbrains/plugins/gradle/model/GradleProperty
instanceKlass org/jetbrains/plugins/gradle/model/DefaultGradleConfiguration
instanceKlass org/jetbrains/plugins/gradle/model/GradleConfiguration
instanceKlass org/jetbrains/plugins/gradle/model/DefaultGradleExtensions
instanceKlass org/jetbrains/plugins/gradle/model/ExtIdeaContentRoot
instanceKlass org/jetbrains/plugins/gradle/tooling/internal/IdeaContentRootImpl
instanceKlass org/jetbrains/plugins/gradle/model/ExtIdeaContentRoot
instanceKlass org/gradle/tooling/model/idea/IdeaContentRoot
instanceKlass org/jetbrains/plugins/gradle/tooling/internal/IdeaCompilerOutputImpl
instanceKlass org/gradle/tooling/model/idea/IdeaSourceDirectory
instanceKlass org/gradle/tooling/model/SourceDirectory
instanceKlass org/jetbrains/plugins/gradle/tooling/builder/IdeaModuleDirectorySet
instanceKlass org/jetbrains/plugins/gradle/tooling/internal/ModuleExtendedModelImpl
instanceKlass org/gradle/plugins/ide/idea/model/ProjectLibrary
instanceKlass org/jetbrains/plugins/gradle/ExternalDependencyId
instanceKlass org/jetbrains/plugins/gradle/model/ExternalFilter
instanceKlass org/jetbrains/plugins/gradle/model/FilePatternSet
instanceKlass org/jetbrains/plugins/gradle/model/ExternalSourceDirectorySet
instanceKlass com/intellij/openapi/externalSystem/model/project/IExternalSystemSourceType
instanceKlass org/jetbrains/plugins/gradle/model/ExternalSourceSet
instanceKlass org/jetbrains/plugins/gradle/model/ExternalTask
instanceKlass org/codehaus/groovy/runtime/metaclass/ClosureMetaClass$5
instanceKlass org/gradle/api/tasks/SourceSetOutput
instanceKlass org/gradle/api/file/SourceDirectorySet
instanceKlass org/codehaus/groovy/runtime/typehandling/NumberMathModificationInfo
instanceKlass org/gradle/api/internal/artifacts/dsl/DefaultArtifactHandler$DynamicMethods
instanceKlass org/gradle/api/internal/artifacts/dsl/DefaultArtifactHandler
instanceKlass org/gradle/internal/service/scopes/ProjectScopeServices$4
instanceKlass org/gradle/api/internal/component/SoftwareComponentInternal
instanceKlass org/gradle/normalization/internal/DefaultInputNormalizationHandler
instanceKlass org/gradle/normalization/internal/InputNormalizationHandlerInternal
instanceKlass org/gradle/normalization/internal/DefaultRuntimeClasspathNormalization
instanceKlass org/gradle/api/internal/file/ant/BaseDirSelector
instanceKlass org/apache/tools/ant/types/selectors/FileSelector
instanceKlass groovy/util/AntBuilderLocator
instanceKlass org/apache/tools/ant/helper/AntXMLContext
instanceKlass org/apache/tools/ant/DefaultDefinitions
instanceKlass org/apache/tools/ant/TypeAdapter
instanceKlass org/apache/tools/ant/AntTypeDefinition
instanceKlass java/text/ParsePosition
instanceKlass org/apache/tools/ant/property/ParseProperties
instanceKlass org/apache/tools/ant/property/ParseNextProperty
instanceKlass org/apache/tools/ant/ComponentHelper
instanceKlass java/text/StringCharacterIterator
instanceKlass java/text/CharacterIterator
instanceKlass org/apache/tools/ant/launch/Locator
instanceKlass org/apache/tools/ant/Main$1
instanceKlass org/apache/tools/ant/Main
instanceKlass org/apache/tools/ant/launch/AntMain
instanceKlass org/apache/tools/ant/PropertyHelper$PropertySetter
instanceKlass org/apache/tools/ant/PropertyHelper$4
instanceKlass org/apache/tools/ant/PropertyHelper$3
instanceKlass org/apache/tools/ant/PropertyHelper$2
instanceKlass org/apache/tools/ant/PropertyHelper$1
instanceKlass org/apache/tools/ant/property/PropertyExpander
instanceKlass org/apache/tools/ant/PropertyHelper$PropertyEvaluator
instanceKlass org/apache/tools/ant/PropertyHelper$Delegate
instanceKlass org/apache/tools/ant/PropertyHelper
instanceKlass org/apache/tools/ant/property/GetProperty
instanceKlass org/apache/tools/ant/util/DeweyDecimal
instanceKlass java/net/CookieStore
instanceKlass java/lang/StrictMath
instanceKlass org/apache/tools/ant/util/JavaEnvUtils
instanceKlass org/apache/tools/ant/DefaultLogger
instanceKlass org/apache/tools/ant/util/StringUtils
instanceKlass org/apache/tools/ant/Target
instanceKlass org/apache/tools/ant/TaskContainer
instanceKlass org/apache/tools/ant/ProjectHelperRepository$ConstructingIterator
instanceKlass org/apache/tools/ant/helper/ProjectHelper2$AntHandler
instanceKlass org/apache/tools/ant/util/LoaderUtils
instanceKlass org/apache/tools/ant/ProjectHelperRepository
instanceKlass org/apache/tools/ant/ProjectHelper
instanceKlass org/apache/tools/ant/input/DefaultInputHandler
instanceKlass org/apache/tools/ant/types/FilterSetCollection
instanceKlass org/apache/tools/ant/types/EnumeratedAttribute
instanceKlass org/apache/tools/ant/Location
instanceKlass org/apache/tools/ant/input/InputHandler
instanceKlass org/apache/tools/ant/Project
instanceKlass org/gradle/api/internal/project/ant/AntLoggingAdapter
instanceKlass org/gradle/api/internal/project/ant/DefaultAntLoggingAdapterFactory
instanceKlass org/gradle/api/internal/project/DefaultAntBuilderFactory
instanceKlass org/gradle/internal/locking/DefaultDependencyLockingHandler$1
instanceKlass org/gradle/internal/locking/DefaultDependencyLockingHandler
instanceKlass org/gradle/api/internal/project/DefaultProject$5
instanceKlass org/gradle/plugins/ide/idea/model/Dependency
instanceKlass org/jetbrains/plugins/gradle/tooling/util/JavaPluginUtil
instanceKlass org/jetbrains/plugins/gradle/tooling/util/SourceSetCachedFinder$2
instanceKlass org/jetbrains/plugins/gradle/tooling/util/SourceSetCachedFinder$1
instanceKlass org/jetbrains/plugins/gradle/tooling/builder/ModelBuildersDataProviders$1
instanceKlass org/jetbrains/plugins/gradle/tooling/builder/ModelBuildersDataProviders
instanceKlass org/jetbrains/kotlin/samWithReceiver/ide/SamWithReceiverModelImpl
instanceKlass org/jetbrains/kotlin/noarg/ide/NoArgModelImpl
instanceKlass org/jetbrains/kotlin/allopen/ide/AllOpenModelImpl
instanceKlass org/jetbrains/kotlin/kapt/idea/KaptSourceSetModel
instanceKlass org/jetbrains/kotlin/kapt/idea/KaptGradleModelImpl
instanceKlass org/gradle/tooling/model/internal/Exceptions
instanceKlass com/android/ide/gradle/model/impl/GradlePluginModelImpl$Companion
instanceKlass com/android/ide/gradle/model/impl/GradlePluginModelImpl
instanceKlass com/android/ide/gradle/model/GradlePluginModel
instanceKlass org/jetbrains/kotlin/android/synthetic/idea/AndroidExtensionsGradleModelImpl
instanceKlass org/jetbrains/plugins/gradle/tooling/internal/MavenRepositoryModelImpl
instanceKlass org/jetbrains/plugins/gradle/tooling/internal/RepositoriesModelImpl
instanceKlass org/jetbrains/kotlin/gradle/KotlinTaskProperties
instanceKlass org/jetbrains/kotlin/gradle/ArgsInfo
instanceKlass org/jetbrains/kotlin/gradle/KotlinGradleModelImpl
instanceKlass kotlin/jvm/internal/CollectionToArray
instanceKlass org/gradle/api/internal/project/DefaultProject$3
instanceKlass kotlin/jvm/internal/Intrinsics
instanceKlass org/gradle/tooling/model/java/InstalledJdk
instanceKlass org/gradle/tooling/model/idea/IdeaSourceDirectory
instanceKlass org/gradle/tooling/model/SourceDirectory
instanceKlass org/gradle/tooling/model/idea/IdeaContentRoot
instanceKlass org/gradle/tooling/model/idea/IdeaDependencyScope
instanceKlass org/gradle/tooling/model/idea/IdeaCompilerOutput
instanceKlass org/gradle/tooling/model/GradleTask
instanceKlass org/gradle/tooling/model/gradle/GradleScript
instanceKlass org/gradle/tooling/model/Task
instanceKlass org/gradle/tooling/model/Launchable
instanceKlass org/gradle/tooling/model/idea/IdeaModule
instanceKlass org/gradle/tooling/model/idea/IdeaJavaLanguageSettings
instanceKlass org/gradle/tooling/model/idea/IdeaLanguageLevel
instanceKlass com/google/common/collect/MultimapBuilder$EnumSetSupplier
instanceKlass com/google/common/collect/MultimapBuilder$MultimapBuilderWithKeys
instanceKlass com/google/common/collect/MultimapBuilder
instanceKlass org/gradle/plugins/ide/internal/resolver/IdeDependencySet$1
instanceKlass org/gradle/plugins/ide/internal/resolver/IdeDependencySet
instanceKlass org/gradle/plugins/ide/internal/resolver/UnresolvedIdeDependencyHandler
instanceKlass org/gradle/plugins/ide/idea/model/internal/IdeaDependenciesProvider$IdeaDependenciesVisitor
instanceKlass org/gradle/plugins/ide/idea/model/internal/IdeaDependenciesOptimizer
instanceKlass org/gradle/plugins/ide/idea/model/internal/ModuleDependencyBuilder
instanceKlass org/gradle/plugins/ide/internal/resolver/IdeDependencyVisitor
instanceKlass org/gradle/plugins/ide/idea/model/internal/IdeaDependenciesProvider
instanceKlass org/gradle/plugins/ide/internal/tooling/idea/DefaultIdeaCompilerOutput
instanceKlass org/gradle/plugins/ide/internal/tooling/idea/DefaultIdeaModule
instanceKlass org/gradle/plugins/ide/internal/tooling/idea/DefaultIdeaContentRoot
instanceKlass org/gradle/plugins/ide/idea/IdeaPlugin$9$2
instanceKlass org/gradle/plugins/ide/idea/IdeaPlugin$9$1
instanceKlass org/gradle/plugins/ide/internal/tooling/java/DefaultInstalledJdk
instanceKlass org/gradle/plugins/ide/internal/tooling/idea/DefaultIdeaJavaLanguageSettings
instanceKlass org/gradle/plugins/ide/internal/tooling/idea/DefaultIdeaLanguageLevel
instanceKlass org/gradle/plugins/ide/internal/tooling/idea/DefaultIdeaProject
instanceKlass org/gradle/plugins/ide/internal/IdePlugin$9$1
instanceKlass org/gradle/plugins/ide/idea/IdeaPlugin$32$1
instanceKlass org/gradle/api/internal/AbstractTask$14
instanceKlass org/gradle/plugins/ide/internal/IdePlugin$8$1
instanceKlass org/gradle/util/DistributionLocator
instanceKlass org/gradle/buildinit/tasks/internal/TaskConfiguration$2
instanceKlass org/gradle/api/internal/AbstractTask$5
instanceKlass org/gradle/buildinit/tasks/internal/TaskConfiguration$1
instanceKlass org/gradle/plugins/ide/internal/generator/generator/PersistableConfigurationObjectGenerator
instanceKlass org/gradle/plugins/ide/internal/generator/generator/Generator
instanceKlass org/gradle/api/internal/AbstractTask$23
instanceKlass org/gradle/api/internal/AbstractTask$13
instanceKlass org/gradle/api/plugins/JavaBasePlugin$14$1
instanceKlass org/gradle/api/internal/tasks/PublicTaskSpecification
instanceKlass org/gradle/plugins/ide/internal/tooling/ToolingModelBuilderSupport
instanceKlass org/gradle/api/tasks/diagnostics/BuildEnvironmentReportTask$1
instanceKlass org/gradle/api/tasks/diagnostics/internal/dependencies/AsciiDependencyReportRenderer$ConfigurationAction
instanceKlass org/gradle/api/tasks/diagnostics/internal/graph/nodes/RenderableDependency
instanceKlass org/gradle/api/tasks/diagnostics/internal/DependencyReportRenderer
instanceKlass org/gradle/api/plugins/HelpTasksPlugin$DependencyInsightReportTaskAction$1
instanceKlass org/gradle/api/tasks/diagnostics/ResolutionErrorRenderer
instanceKlass org/gradle/api/tasks/diagnostics/DependencyInsightReportTask$AttributeMatchDetails
instanceKlass org/gradle/api/tasks/diagnostics/internal/graph/NodeRenderer
instanceKlass org/gradle/api/tasks/diagnostics/internal/TaskReportModel
instanceKlass org/gradle/internal/graph/GraphRenderer
instanceKlass org/gradle/tooling/internal/gradle/DefaultGradleScript
instanceKlass org/gradle/tooling/model/gradle/GradleScript
instanceKlass org/gradle/tooling/internal/gradle/DefaultGradleProject
instanceKlass org/gradle/plugins/ide/idea/IdeaPlugin$32
instanceKlass org/gradle/plugins/ide/idea/internal/IdeaScalaConfigurer
instanceKlass org/gradle/plugins/ide/idea/IdeaPlugin$31
instanceKlass org/gradle/language/scala/plugins/ScalaLanguagePlugin
instanceKlass org/gradle/plugins/ide/idea/IdeaPlugin$30
instanceKlass org/gradle/api/plugins/scala/ScalaBasePlugin
instanceKlass org/gradle/plugins/ide/idea/IdeaPlugin$20
instanceKlass org/gradle/api/plugins/WarPlugin
instanceKlass org/gradle/plugins/ide/idea/IdeaPlugin$19
instanceKlass org/gradle/plugins/ide/idea/internal/IdeaModuleMetadata
instanceKlass org/gradle/plugins/ide/idea/IdeaPlugin$18
instanceKlass org/gradle/plugins/ide/idea/IdeaPlugin$17
instanceKlass org/gradle/plugins/ide/idea/IdeaPlugin$16
instanceKlass org/gradle/plugins/ide/idea/IdeaPlugin$15
instanceKlass org/gradle/plugins/ide/idea/IdeaPlugin$14
instanceKlass org/gradle/plugins/ide/idea/IdeaPlugin$13
instanceKlass org/gradle/plugins/ide/idea/IdeaPlugin$12
instanceKlass org/gradle/plugins/ide/internal/configurer/HierarchicalElementDeduplicator$StatefulDeduplicator$1
instanceKlass org/gradle/plugins/ide/internal/configurer/HierarchicalElementDeduplicator$StatefulDeduplicator
instanceKlass org/gradle/plugins/ide/internal/configurer/DefaultUniqueProjectNameProvider$ProjectPathDeduplicationAdapter
instanceKlass org/gradle/plugins/ide/internal/configurer/HierarchicalElementDeduplicator
instanceKlass org/gradle/plugins/ide/idea/IdeaPlugin$11
instanceKlass org/gradle/language/scala/ScalaPlatform
instanceKlass org/gradle/plugins/ide/idea/model/Path
instanceKlass org/gradle/plugins/ide/internal/IdePlugin$9
instanceKlass org/gradle/plugins/ide/internal/IdePlugin$8
instanceKlass org/gradle/plugins/ide/idea/IdeaPlugin$10
instanceKlass org/gradle/plugins/ide/idea/IdeaPlugin$9
instanceKlass org/gradle/plugins/ide/idea/IdeaPlugin$8
instanceKlass org/gradle/plugins/ide/idea/IdeaPlugin$7
instanceKlass org/gradle/plugins/ide/idea/IdeaPlugin$6
instanceKlass org/gradle/api/internal/file/DefaultProjectLayout$FixedFile
instanceKlass org/gradle/plugins/ide/idea/IdeaPlugin$5
instanceKlass org/gradle/plugins/ide/idea/model/PathFactory
instanceKlass org/gradle/plugins/ide/idea/model/IdeaLanguageLevel
instanceKlass org/gradle/plugins/ide/internal/IdePlugin$4
instanceKlass org/gradle/plugins/ide/internal/IdePlugin$3
instanceKlass org/gradle/plugins/ide/internal/IdePlugin$6
instanceKlass org/gradle/plugins/ide/idea/IdeaPlugin$4
instanceKlass org/gradle/internal/xml/XmlTransformer
instanceKlass org/gradle/plugins/ide/api/FileContentMerger
instanceKlass org/gradle/plugins/ide/internal/generator/AbstractPersistableConfigurationObject
instanceKlass org/gradle/plugins/ide/internal/generator/generator/PersistableConfigurationObject
instanceKlass org/gradle/plugins/ide/idea/model/IdeaWorkspace
instanceKlass org/gradle/plugins/ide/idea/model/IdeaProject
instanceKlass org/gradle/plugins/ide/idea/model/IdeaModule
instanceKlass org/gradle/plugins/ide/idea/model/IdeaModel
instanceKlass org/gradle/plugins/ide/internal/IdePlugin$7
instanceKlass org/gradle/plugins/ide/internal/IdePlugin$2
instanceKlass org/gradle/plugins/ide/internal/IdePlugin$1
instanceKlass org/gradle/plugins/ide/idea/IdeaPlugin$3
instanceKlass org/gradle/plugins/ide/idea/IdeaPlugin$2
instanceKlass org/gradle/plugins/ide/idea/IdeaPlugin$1
instanceKlass org/gradle/plugins/ide/internal/configurer/HierarchicalElementAdapter
instanceKlass org/gradle/plugins/ide/internal/configurer/DefaultUniqueProjectNameProvider
instanceKlass org/gradle/plugins/ide/IdeWorkspace
instanceKlass org/gradle/plugins/ide/internal/IdeProjectMetadata
instanceKlass org/gradle/plugins/ide/internal/IdePlugin
instanceKlass org/gradle/internal/logging/text/AbstractStyledTextOutput$StyleOverrideTextOutput
instanceKlass org/gradle/api/internal/artifacts/ivyservice/ShortCircuitEmptyConfigurationResolver$EmptyResolvedConfiguration
instanceKlass org/gradle/api/internal/artifacts/ivyservice/ShortCircuitEmptyConfigurationResolver$EmptyResults
instanceKlass org/gradle/api/internal/artifacts/ivyservice/resolveengine/result/DefaultResolutionResultBuilder$RootFactory
instanceKlass org/gradle/api/internal/artifacts/result/DefaultResolvedComponentResult
instanceKlass org/gradle/api/internal/artifacts/result/ResolvedComponentResultInternal
instanceKlass org/gradle/api/internal/artifacts/ivyservice/resolveengine/result/DetachedComponentResult
instanceKlass org/gradle/api/internal/artifacts/ivyservice/resolveengine/result/CachingDependencyResultFactory
instanceKlass org/gradle/api/artifacts/result/DependencyResult
instanceKlass org/gradle/api/artifacts/result/ResolvedComponentResult
instanceKlass org/gradle/api/internal/artifacts/ivyservice/resolveengine/result/DefaultResolutionResultBuilder
instanceKlass org/gradle/api/internal/artifacts/ivyservice/ArtifactCollectingVisitor
instanceKlass com/android/build/gradle/internal/utils/GradlePluginUtils$enforceMinimumVersionsOfPlugins$1$1
instanceKlass com/google/wireless/android/sdk/stats/GradleBuildProject$GradlePlugin$1
instanceKlass com/android/build/gradle/internal/profile/ProfilerInitializer$ProfileShutdownListener$$Lambda$274
instanceKlass com/android/build/gradle/internal/profile/ProfilerInitializer$ProfileShutdownListener$$Lambda$273
instanceKlass org/gradle/tooling/internal/provider/PhasedBuildActionResult
instanceKlass org/gradle/internal/serialize/ExceptionReplacingObjectOutputStream$1
instanceKlass java/io/ObjectOutputStream$ReplaceTable
instanceKlass java/io/ObjectOutputStream$HandleTable
instanceKlass org/gradle/tooling/internal/provider/serialization/WellKnownClassLoaderRegistry$1
instanceKlass org/gradle/tooling/internal/provider/serialization/DefaultPayloadClassLoaderRegistry$1
instanceKlass org/gradle/tooling/internal/provider/BuildActionResult
instanceKlass kotlin/collections/ArrayAsCollection
instanceKlass org/jetbrains/kotlin/idea/scripting/gradle/UtilsKt
instanceKlass org/jetbrains/plugins/gradle/tooling/internal/ExtraModelBuilder$MyModelBuilderContext
instanceKlass org/jetbrains/plugins/gradle/tooling/util/VersionMatcher
instanceKlass org/jetbrains/plugins/gradle/tooling/annotation/TargetVersions
instanceKlass org/jetbrains/plugins/gradle/model/ProjectImportAction$2
instanceKlass org/jetbrains/plugins/gradle/model/ProjectImportAction$1
instanceKlass org/jetbrains/plugins/gradle/model/ProjectImportAction$MyBuildController
instanceKlass org/gradle/internal/impldep/com/google/common/base/Optional
instanceKlass org/gradle/tooling/internal/adapter/ProtocolToModelAdapter$MethodInvocationCache$MethodInvocationKey
instanceKlass org/gradle/tooling/internal/adapter/MethodInvocation
instanceKlass org/gradle/tooling/model/build/JavaEnvironment
instanceKlass org/gradle/tooling/model/build/GradleEnvironment
instanceKlass org/gradle/tooling/model/build/JavaEnvironment
instanceKlass org/gradle/tooling/model/build/GradleEnvironment
instanceKlass org/gradle/tooling/internal/build/DefaultBuildEnvironment
instanceKlass org/gradle/tooling/internal/protocol/InternalBuildEnvironment
instanceKlass org/gradle/process/internal/CurrentProcess
instanceKlass org/gradle/tooling/internal/adapter/ProtocolToModelAdapter$AdaptingMethodInvoker
instanceKlass org/gradle/tooling/internal/adapter/ProtocolToModelAdapter$PropertyCachingMethodInvoker
instanceKlass org/gradle/tooling/internal/adapter/ProtocolToModelAdapter$SafeMethodInvoker
instanceKlass org/gradle/tooling/internal/adapter/ProtocolToModelAdapter$SupportedPropertyInvoker
instanceKlass org/gradle/tooling/internal/adapter/ProtocolToModelAdapter$ChainedMethodInvoker
instanceKlass org/gradle/tooling/internal/adapter/ProtocolToModelAdapter$ClassMixInMethodInvoker
instanceKlass org/gradle/tooling/internal/adapter/ProtocolToModelAdapter$BeanMixInMethodInvoker
instanceKlass org/gradle/tooling/internal/adapter/ProtocolToModelAdapter$InvocationHandlerImpl
instanceKlass org/gradle/tooling/internal/adapter/ProtocolToModelAdapter$ViewKey
instanceKlass org/gradle/tooling/model/cpp/CppBinary
instanceKlass org/gradle/tooling/model/cpp/CppComponent
instanceKlass org/gradle/tooling/internal/adapter/ProtocolToModelAdapter$MixInMappingAction
instanceKlass org/gradle/tooling/internal/consumer/converters/IncludedBuildsMixin
instanceKlass org/gradle/tooling/internal/consumer/converters/IdeaModuleDependencyTargetNameMixin
instanceKlass org/gradle/tooling/internal/consumer/converters/IdeaProjectJavaLanguageSettingsMixin
instanceKlass org/gradle/tooling/internal/consumer/converters/FixedBuildIdentifierProvider
instanceKlass org/gradle/tooling/internal/consumer/converters/BasicGradleProjectIdentifierMixin
instanceKlass org/gradle/tooling/internal/adapter/ProtocolToModelAdapter$TypeSpecificMappingAction
instanceKlass org/gradle/tooling/internal/consumer/converters/GradleProjectIdentifierMixin
instanceKlass org/gradle/tooling/internal/gradle/DefaultBuildIdentifier
instanceKlass org/gradle/tooling/model/BuildIdentifier
instanceKlass org/gradle/tooling/internal/gradle/DefaultProjectIdentifier
instanceKlass org/gradle/tooling/model/ProjectIdentifier
instanceKlass org/gradle/tooling/internal/gradle/GradleProjectIdentity
instanceKlass org/gradle/tooling/internal/gradle/GradleBuildIdentity
instanceKlass org/gradle/tooling/internal/adapter/ProtocolToModelAdapter$DefaultViewBuilder
instanceKlass org/gradle/tooling/internal/provider/connection/ProviderBuildResult
instanceKlass org/gradle/tooling/internal/gradle/DefaultBuildIdentifier
instanceKlass org/gradle/tooling/internal/gradle/DefaultProjectIdentifier
instanceKlass org/gradle/tooling/internal/gradle/DefaultGradleBuild
instanceKlass org/jetbrains/kotlin/allopen/ide/AllOpenModel
instanceKlass org/jetbrains/kotlin/kapt/idea/KaptGradleModel
instanceKlass org/jetbrains/plugins/gradle/model/IntelliJProjectSettings
instanceKlass org/jetbrains/plugins/gradle/model/IntelliJSettings
instanceKlass org/jetbrains/plugins/gradle/model/GradleExtensions
instanceKlass org/jetbrains/plugins/gradle/model/tests/ExternalTestsModel
instanceKlass org/jetbrains/plugins/gradle/model/BuildScriptClasspathModel
instanceKlass org/jetbrains/plugins/gradle/model/ModuleExtendedModel
instanceKlass org/jetbrains/plugins/gradle/model/ear/EarConfiguration
instanceKlass org/jetbrains/plugins/gradle/model/web/WebConfiguration$WarModel
instanceKlass org/jetbrains/plugins/gradle/model/web/WebConfiguration
instanceKlass org/jetbrains/kotlin/idea/scripting/gradle/importing/KotlinDslScriptAdditionalTask
instanceKlass org/jetbrains/kotlin/noarg/ide/NoArgModel
instanceKlass org/jetbrains/kotlin/gradle/KotlinMPPGradleModel
instanceKlass org/jetbrains/kotlin/gradle/KotlinGradleModel
instanceKlass org/jetbrains/kotlin/android/synthetic/idea/AndroidExtensionsGradleModel
instanceKlass org/jetbrains/kotlin/samWithReceiver/ide/SamWithReceiverModel
instanceKlass org/jetbrains/kotlin/annotation/plugin/ide/AnnotationBasedPluginModel
instanceKlass org/gradle/tooling/model/cpp/CppProject
instanceKlass org/gradle/tooling/model/ProjectModel
instanceKlass com/android/ide/gradle/model/sources/SourcesAndJavadocArtifacts
instanceKlass com/android/ide/gradle/model/GradlePluginModel
instanceKlass org/gradle/tooling/internal/consumer/versioning/ModelMapping$DefaultModelIdentifier
instanceKlass org/gradle/tooling/internal/adapter/ProtocolToModelAdapter$2
instanceKlass org/gradle/tooling/internal/adapter/ProtocolToModelAdapter$ViewGraphDetails
instanceKlass org/gradle/tooling/model/gradle/ProjectPublications
instanceKlass org/gradle/tooling/model/internal/outcomes/ProjectOutcomes
instanceKlass org/gradle/tooling/model/build/BuildEnvironment
instanceKlass org/gradle/tooling/model/idea/BasicIdeaProject
instanceKlass org/gradle/tooling/model/GradleProject
instanceKlass org/gradle/tooling/model/BuildableElement
instanceKlass org/gradle/tooling/model/idea/IdeaProject
instanceKlass org/gradle/tooling/model/eclipse/EclipseProject
instanceKlass org/gradle/tooling/model/eclipse/HierarchicalEclipseProject
instanceKlass org/gradle/tooling/model/HasGradleProject
instanceKlass org/gradle/tooling/model/HierarchicalElement
instanceKlass org/gradle/tooling/model/Element
instanceKlass org/gradle/tooling/internal/protocol/ModelIdentifier
instanceKlass org/gradle/tooling/internal/consumer/versioning/ModelMapping
instanceKlass org/gradle/tooling/internal/consumer/connection/InternalBuildActionAdapter$2
instanceKlass org/gradle/tooling/internal/consumer/connection/HasCompatibilityMapping
instanceKlass org/gradle/tooling/model/internal/outcomes/GradleFileBuildOutcome
instanceKlass org/gradle/tooling/model/internal/outcomes/GradleBuildOutcome
instanceKlass org/gradle/tooling/internal/consumer/converters/BackwardsCompatibleIdeaModuleDependency
instanceKlass org/gradle/tooling/model/idea/IdeaModuleDependency
instanceKlass org/gradle/tooling/model/idea/IdeaSingleEntryLibraryDependency
instanceKlass org/gradle/tooling/model/ExternalDependency
instanceKlass org/gradle/tooling/model/idea/IdeaDependency
instanceKlass org/gradle/tooling/model/Dependency
instanceKlass org/gradle/tooling/internal/consumer/converters/ConsumerTargetTypeProvider
instanceKlass org/gradle/tooling/internal/adapter/CollectionMapper
instanceKlass org/gradle/tooling/internal/adapter/TypeInspector
instanceKlass org/gradle/internal/impldep/com/google/common/base/Preconditions
instanceKlass org/gradle/internal/time/DefaultTimer
instanceKlass org/gradle/internal/time/TimeSource$1
instanceKlass org/gradle/internal/time/TimeSource
instanceKlass org/gradle/internal/time/MonotonicClock
instanceKlass org/gradle/internal/time/CountdownTimer
instanceKlass org/gradle/internal/time/Timer
instanceKlass org/gradle/internal/time/Clock
instanceKlass org/gradle/internal/time/Time
instanceKlass org/gradle/tooling/internal/adapter/ProtocolToModelAdapter$MethodInvocationCache
instanceKlass org/gradle/tooling/internal/adapter/ProtocolToModelAdapter$ReflectionMethodInvoker
instanceKlass org/gradle/tooling/internal/adapter/MethodInvoker
instanceKlass org/gradle/tooling/internal/adapter/ProtocolToModelAdapter$1
instanceKlass org/gradle/tooling/internal/adapter/ProtocolToModelAdapter$NoOpDecoration
instanceKlass org/gradle/internal/typeconversion/NotationParser
instanceKlass org/gradle/internal/typeconversion/NotationConverter
instanceKlass org/gradle/tooling/internal/adapter/ViewBuilder
instanceKlass org/gradle/tooling/internal/adapter/ProtocolToModelAdapter$ViewDecoration
instanceKlass org/gradle/tooling/internal/adapter/ProtocolToModelAdapter
instanceKlass org/gradle/tooling/internal/adapter/ObjectGraphAdapter
instanceKlass org/gradle/tooling/internal/protocol/BuildResult
instanceKlass org/gradle/tooling/internal/provider/runner/DefaultBuildController
instanceKlass org/gradle/initialization/DefaultGradleLauncher$NotifyProjectsEvaluatedListeners$1
instanceKlass org/gradle/initialization/NotifyProjectsEvaluatedBuildOperationType$Details
instanceKlass org/gradle/initialization/DefaultGradleLauncher$NotifyProjectsEvaluatedListeners
instanceKlass com/google/android/gms/dependencies/DependencyInspector
instanceKlass com/google/android/gms/dependencies/ArtifactDependencyManager
instanceKlass com/google/android/gms/dependencies/Artifact
instanceKlass com/google/android/gms/dependencies/Dependency
instanceKlass com/google/android/gms/dependencies/ArtifactVersion
instanceKlass com/google/android/gms/dependencies/Node
instanceKlass com/google/android/gms/dependencies/DependencyAnalyzer
instanceKlass org/gradle/configuration/internal/DefaultListenerBuildOperationDecorator$BuildOperationEmittingClosure$1$1
instanceKlass com/android/build/gradle/BasePlugin$$Lambda$272
instanceKlass java/lang/invoke/LambdaForm$DMH
instanceKlass org/gradle/api/internal/artifacts/dsl/LazyPublishArtifact
instanceKlass org/gradle/api/internal/artifacts/publish/AbstractPublishArtifact
instanceKlass com/android/build/gradle/internal/scope/ArtifactPublishingUtil$publishArtifactToConfiguration$1$1$1
instanceKlass org/gradle/api/internal/artifacts/configurations/DefaultVariant
instanceKlass org/gradle/api/internal/artifacts/ConfigurationVariantInternal
instanceKlass com/android/build/gradle/internal/scope/ArtifactPublishingUtil$publishArtifactToConfiguration$1$1
instanceKlass org/gradle/api/artifacts/ConfigurationVariant
instanceKlass org/gradle/api/internal/artifacts/configurations/DefaultConfigurationPublications$ConfigurationVariantFactory
instanceKlass com/android/build/gradle/internal/scope/ArtifactPublishingUtil$publishArtifactToConfiguration$1
instanceKlass com/android/build/gradle/internal/scope/ArtifactPublishingUtil
instanceKlass com/android/build/gradle/internal/scope/VariantScopeImpl$$Lambda$271
instanceKlass com/android/build/gradle/internal/api/artifact/BuildArtifactSpec$Companion
instanceKlass com/android/build/gradle/internal/api/artifact/BuildArtifactSpec
instanceKlass kotlin/collections/CollectionsKt___CollectionsKt$asSequence$$inlined$Sequence$1
instanceKlass com/android/build/gradle/tasks/LintGlobalTask$GlobalConfigAction$$Lambda$270
instanceKlass com/android/build/gradle/tasks/LintGlobalTask$GlobalConfigAction$$Lambda$269
instanceKlass com/android/build/gradle/internal/TaskManager$$Lambda$268
instanceKlass org/gradle/internal/operations/OperationProgressEvent
instanceKlass org/gradle/internal/logging/events/StyledTextOutputEvent$Span
instanceKlass org/gradle/internal/logging/events/operations/StyledTextBuildOperationProgressDetails$Span
instanceKlass java/util/Collections$ReverseComparator
instanceKlass java/util/Collections$ReverseComparator2
instanceKlass groovy/lang/DelegatingMetaClass
instanceKlass org/gradle/model/internal/core/ModelView
instanceKlass org/gradle/model/internal/inspect/ExtractedRuleSource
instanceKlass org/gradle/model/internal/core/NodePredicate
instanceKlass java/io/Console
instanceKlass org/codehaus/groovy/runtime/typehandling/NumberMath
instanceKlass java/util/stream/Sink$ChainedInt
instanceKlass java/util/stream/Sink$OfInt
instanceKlass java/util/Spliterators$IntIteratorSpliterator
instanceKlass java/lang/CharSequence$1CodePointIterator
instanceKlass java/util/stream/IntPipeline$$Lambda$267
instanceKlass java/lang/invoke/LambdaForm$DMH
instanceKlass org/codehaus/groovy/runtime/ConversionHandler
instanceKlass java/lang/FunctionalInterface
instanceKlass groovy/transform/SelfType
instanceKlass groovy/lang/GeneratedGroovyProxy
instanceKlass groovy/transform/Trait
instanceKlass org/codehaus/groovy/transform/trait/Traits$TraitBridge
instanceKlass org/codehaus/groovy/transform/trait/Traits
instanceKlass java/lang/CharSequence$$Lambda$266
instanceKlass java/util/IntSummaryStatistics
instanceKlass java/util/OptionalDouble
instanceKlass java/util/stream/DoubleStream
instanceKlass java/util/function/IntToDoubleFunction
instanceKlass java/util/function/IntToLongFunction
instanceKlass java/util/stream/IntStream$Builder
instanceKlass java/util/function/IntBinaryOperator
instanceKlass java/util/function/IntUnaryOperator
instanceKlass java/util/function/IntPredicate
instanceKlass java/util/function/IntConsumer
instanceKlass java/util/function/ObjIntConsumer
instanceKlass java/util/PrimitiveIterator$OfInt
instanceKlass java/util/PrimitiveIterator
instanceKlass java/util/OptionalInt
instanceKlass groovy/util/ClosureComparator
instanceKlass org/codehaus/groovy/runtime/metaclass/ClosureMetaClass$3
instanceKlass com/android/build/FilterData
instanceKlass java/lang/invoke/SerializedLambda
instanceKlass com/android/builder/core/VariantAttributesProvider$SerializableStringSupplier
instanceKlass com/android/builder/core/VariantAttributesProvider$SerializableIntSupplier
instanceKlass com/android/build/gradle/internal/ApiObjectFactory$$Lambda$265
instanceKlass com/android/build/gradle/internal/api/BaseVariantOutputImpl
instanceKlass com/android/build/gradle/api/ApkVariantOutput
instanceKlass com/android/build/gradle/internal/dsl/VariantOutputFactory
instanceKlass com/android/build/gradle/internal/api/BaseVariantImpl
instanceKlass com/android/build/gradle/internal/ApiObjectFactory
instanceKlass com/android/build/gradle/internal/tasks/SigningReportTask$SigningInfo
instanceKlass com/android/build/gradle/internal/TaskManager$$Lambda$264
instanceKlass com/android/build/gradle/internal/TaskManager$$Lambda$263
instanceKlass com/android/build/gradle/tasks/BuildArtifactReportTask$SourceSetReportConfigAction
instanceKlass com/android/build/gradle/internal/TaskManager$$Lambda$262
instanceKlass com/android/build/gradle/internal/tasks/DeviceProviderInstrumentTestTask$ConfigAction$$Lambda$261
instanceKlass org/gradle/api/internal/AbstractTask$9
instanceKlass com/android/build/gradle/internal/tasks/DeviceProviderInstrumentTestTask$ConfigAction$$Lambda$260
instanceKlass com/android/build/gradle/internal/tasks/DeviceProviderInstrumentTestTask$ConfigAction$$Lambda$259
instanceKlass com/android/ddmlib/IShellEnabledDevice
instanceKlass com/android/builder/testing/BaseTestRunner
instanceKlass com/android/build/gradle/internal/tasks/DeviceProviderInstrumentTestTask$1
instanceKlass com/android/build/gradle/internal/tasks/DeviceProviderInstrumentTestTask$$Lambda$258
instanceKlass java/lang/invoke/LambdaForm$DMH
instanceKlass com/android/build/gradle/internal/tasks/DeviceProviderInstrumentTestTask$TestRunnerFactory
instanceKlass com/android/build/gradle/internal/tasks/AndroidTestTask
instanceKlass com/android/ddmlib/Log$ILogOutput
instanceKlass com/android/builder/testing/TestRunner
instanceKlass com/android/build/gradle/internal/tasks/DeviceProviderInstrumentTestTask$ConfigAction
instanceKlass com/android/build/gradle/internal/TaskManager$$Lambda$257
instanceKlass com/android/build/gradle/internal/dependency/AndroidTestResourceArtifactCollection
instanceKlass com/android/build/gradle/tasks/ProcessTestManifest$ConfigAction$$Lambda$256
instanceKlass com/android/build/gradle/tasks/ProcessTestManifest$ConfigAction$$Lambda$255
instanceKlass com/android/build/gradle/tasks/ProcessTestManifest$ConfigAction$$Lambda$254
instanceKlass com/android/build/gradle/tasks/ProcessTestManifest$ConfigAction$$Lambda$253
instanceKlass com/android/build/gradle/tasks/ProcessTestManifest$ConfigAction$$Lambda$252
instanceKlass com/android/build/gradle/tasks/ProcessTestManifest$ConfigAction$$Lambda$251
instanceKlass com/android/build/gradle/tasks/ProcessTestManifest$ConfigAction$$Lambda$250
instanceKlass com/android/build/gradle/tasks/ProcessTestManifest$ConfigAction$$Lambda$249
instanceKlass com/android/build/gradle/tasks/ProcessTestManifest$ConfigAction$$Lambda$248
instanceKlass com/android/build/gradle/tasks/ProcessTestManifest$ConfigAction
instanceKlass com/android/build/gradle/internal/tasks/TestPreBuildTask$ConfigAction
instanceKlass java/lang/reflect/WeakCache$LookupValue
instanceKlass org/gradle/execution/taskgraph/DefaultTaskExecutionGraph$2
instanceKlass com/android/build/gradle/internal/TaskManager$$Lambda$247
instanceKlass com/android/build/gradle/internal/TaskManager$$Lambda$246
instanceKlass org/gradle/api/plugins/JavaBasePlugin$18
instanceKlass org/gradle/api/plugins/JavaBasePlugin$17
instanceKlass org/gradle/api/plugins/JavaBasePlugin$16
instanceKlass org/gradle/api/internal/plugins/DslObject
instanceKlass org/gradle/api/tasks/testing/Test$1
instanceKlass org/gradle/process/internal/JvmOptions
instanceKlass org/gradle/process/internal/DefaultProcessForkOptions
instanceKlass org/gradle/process/internal/JavaForkOptionsInternal
instanceKlass org/gradle/api/internal/tasks/testing/filter/DefaultTestFilter
instanceKlass org/gradle/api/reporting/internal/TaskGeneratedReport$1
instanceKlass org/gradle/api/reporting/internal/SimpleReport
instanceKlass org/gradle/api/reporting/internal/DefaultReportContainer$2
instanceKlass org/gradle/api/reporting/Report$1
instanceKlass org/gradle/api/reporting/internal/DefaultReportContainer$1
instanceKlass org/gradle/api/tasks/testing/JUnitXmlReport
instanceKlass org/gradle/api/internal/tasks/testing/logging/DefaultTestLogging
instanceKlass org/gradle/api/internal/tasks/testing/logging/DefaultTestLoggingContainer
instanceKlass org/gradle/api/tasks/options/Option
instanceKlass org/gradle/api/internal/tasks/testing/JvmTestExecutionSpec
instanceKlass org/gradle/api/tasks/testing/TestFrameworkOptions
instanceKlass org/gradle/api/internal/tasks/testing/TestFramework
instanceKlass com/android/build/gradle/tasks/factory/AndroidUnitTest$ConfigAction
instanceKlass com/android/build/gradle/internal/TaskManager$$Lambda$245
instanceKlass com/android/build/gradle/internal/tasks/ExtractApksTask$Companion
instanceKlass com/android/build/gradle/internal/tasks/ExtractApksTask$ConfigAction
instanceKlass com/android/build/gradle/internal/tasks/BundleToStandaloneApkTask$ConfigAction
instanceKlass com/android/build/gradle/internal/tasks/BundleToApkTask$ConfigAction
instanceKlass com/android/build/gradle/internal/tasks/BundleTaskKt
instanceKlass com/android/build/gradle/internal/scope/BuildArtifactsHolder$BuildableProducer
instanceKlass com/android/build/gradle/internal/tasks/BundleTask$BundleOptions
instanceKlass com/android/build/gradle/internal/tasks/BundleTask$ConfigAction
instanceKlass com/android/build/gradle/internal/tasks/PerModuleBundleTask$ConfigAction$execute$1
instanceKlass com/android/builder/packaging/JarMerger$Relocator
instanceKlass com/android/builder/packaging/JarMerger
instanceKlass com/android/build/gradle/internal/tasks/PerModuleBundleTask$ConfigAction
instanceKlass com/android/build/gradle/internal/tasks/featuresplit/FeatureSplitTransitiveDepsWriterTask$ConfigAction
instanceKlass com/android/build/gradle/tasks/LintBaseTask$VariantInputs
instanceKlass com/android/tools/lint/gradle/api/VariantInputs
instanceKlass com/android/build/gradle/tasks/LintBaseTask$BaseConfigAction
instanceKlass com/android/build/gradle/internal/TaskManager$$Lambda$244
instanceKlass com/android/build/gradle/internal/tasks/UninstallTask$ConfigAction$$Lambda$243
instanceKlass com/android/build/gradle/internal/tasks/UninstallTask$$Lambda$242
instanceKlass com/android/build/gradle/internal/tasks/UninstallTask$$Lambda$241
instanceKlass com/android/build/gradle/internal/tasks/UninstallTask$ConfigAction
instanceKlass com/android/build/gradle/internal/tasks/InstallVariantTask$ConfigAction$$Lambda$240
instanceKlass com/android/build/gradle/internal/tasks/InstallVariantTask$ConfigAction$$Lambda$239
instanceKlass com/android/build/gradle/internal/tasks/InstallVariantTask$$Lambda$238
instanceKlass com/android/builder/testing/api/DeviceConfigProvider
instanceKlass com/android/build/gradle/internal/tasks/InstallVariantTask$ConfigAction
instanceKlass com/android/build/gradle/internal/tasks/ValidateSigningTask$ConfigAction$execute$1
instanceKlass com/android/build/gradle/internal/tasks/ValidateSigningTask$ConfigAction
instanceKlass com/android/build/gradle/internal/TaskManager$$Lambda$237
instanceKlass com/android/build/gradle/internal/pipeline/IntermediateStream$$Lambda$236
instanceKlass com/android/build/gradle/internal/pipeline/StreamFilter$$Lambda$235
instanceKlass com/android/build/gradle/internal/pipeline/StreamFilter$$Lambda$234
instanceKlass com/android/build/gradle/internal/pipeline/StreamFilter$$Lambda$233
instanceKlass com/android/build/gradle/internal/pipeline/StreamFilter
instanceKlass com/android/builder/internal/aapt/AaptOptions
instanceKlass com/android/build/gradle/internal/dsl/DslAdaptersKt
instanceKlass com/android/build/gradle/tasks/PackageAndroidArtifact$ConfigAction$$Lambda$232
instanceKlass com/android/build/gradle/tasks/PackageAndroidArtifact$ConfigAction$$Lambda$231
instanceKlass com/android/build/gradle/internal/scope/BuildElements
instanceKlass com/android/builder/files/FileCacheByPath
instanceKlass com/android/build/gradle/tasks/PackageAndroidArtifact$ConfigAction
instanceKlass com/android/build/gradle/internal/tasks/CheckMultiApkLibrariesTask$ConfigAction
instanceKlass com/android/build/gradle/internal/TaskManager$$Lambda$230
instanceKlass com/android/build/gradle/internal/TaskManager$$Lambda$229
instanceKlass com/android/build/gradle/internal/transforms/DexMergerTransformCallable$Factory
instanceKlass java/lang/invoke/LambdaForm$DMH
instanceKlass com/android/build/gradle/internal/transforms/DexMergerTransformCallable
instanceKlass com/android/ide/common/process/ProcessOutput
instanceKlass com/android/build/gradle/internal/TaskManager$$Lambda$228
instanceKlass java/lang/invoke/LambdaForm$DMH
instanceKlass com/android/build/gradle/internal/transforms/DexArchiveBuilderCacheHandler
instanceKlass com/android/ide/common/internal/WaitableExecutor
instanceKlass com/android/build/gradle/internal/workeractions/WorkerActionServiceRegistry$RegisteredService
instanceKlass com/android/build/gradle/internal/TaskManager$$Lambda$227
instanceKlass com/android/build/gradle/internal/transforms/DexArchiveBuilderTransformBuilder
instanceKlass com/android/build/gradle/internal/transforms/MergeJavaResourcesTransform$$Lambda$226
instanceKlass org/gradle/api/plugins/BasePlugin$2$4
instanceKlass org/gradle/api/plugins/BasePlugin$2$3
instanceKlass org/gradle/api/plugins/BasePlugin$2$1
instanceKlass org/gradle/jvm/tasks/Jar$2
instanceKlass org/gradle/jvm/tasks/Jar$1
instanceKlass org/gradle/api/java/archives/internal/DefaultAttributes
instanceKlass org/gradle/api/java/archives/Attributes
instanceKlass org/gradle/api/java/archives/internal/DefaultManifest
instanceKlass org/gradle/api/java/archives/internal/ManifestInternal
instanceKlass org/gradle/api/internal/file/copy/ZipCompressor
instanceKlass org/gradle/api/internal/file/archive/compression/ArchiveOutputStreamFactory
instanceKlass com/android/build/gradle/internal/ApplicationTaskManager$1
instanceKlass com/android/build/gradle/tasks/factory/AbstractCompilesUtil
instanceKlass com/android/builder/core/BootClasspathBuilder$$Lambda$225
instanceKlass com/android/builder/core/BootClasspathBuilder
instanceKlass com/android/build/gradle/internal/api/DefaultAndroidSourceDirectorySet$getSourceDirectoryTrees$1
instanceKlass org/gradle/api/plugins/JavaBasePlugin$11$2
instanceKlass org/gradle/api/plugins/JavaBasePlugin$11$1
instanceKlass org/gradle/api/internal/tasks/compile/CompilerForkUtils$1
instanceKlass org/gradle/api/internal/tasks/compile/CompilerForkUtils
instanceKlass org/gradle/api/internal/tasks/compile/CleaningJavaCompilerSupport
instanceKlass org/gradle/api/internal/tasks/compile/DefaultJvmLanguageCompileSpec
instanceKlass org/gradle/language/base/internal/compile/Compiler
instanceKlass org/gradle/api/internal/tasks/compile/JavaCompileSpec
instanceKlass org/gradle/api/internal/tasks/compile/JvmLanguageCompileSpec
instanceKlass org/gradle/language/base/internal/compile/CompileSpec
instanceKlass com/android/build/gradle/tasks/factory/JavaCompileConfigAction
instanceKlass com/android/build/gradle/internal/dependency/ArtifactCollectionWithExtraArtifact
instanceKlass com/android/build/gradle/tasks/JavaPreCompileTask$ConfigAction
instanceKlass com/android/build/gradle/internal/tasks/featuresplit/FeatureSetMetadata$SupplierProviderImpl
instanceKlass com/android/build/gradle/internal/tasks/featuresplit/FeatureSetMetadata$SupplierProvider
instanceKlass com/android/build/gradle/internal/tasks/featuresplit/FeatureSetMetadata
instanceKlass com/android/build/gradle/internal/tasks/featuresplit/FeatureSetMetadataWriterTask$ConfigAction
instanceKlass com/android/build/gradle/internal/pipeline/TransformStream$1
instanceKlass com/google/common/collect/Iterators$ConcatenatedIterator
instanceKlass com/google/common/base/Optional
instanceKlass android/databinding/tool/util/Preconditions
instanceKlass com/android/build/gradle/internal/pipeline/TransformTask$ConfigAction$$Lambda$224
instanceKlass com/android/build/api/transform/SecondaryFile
instanceKlass com/android/builder/profile/Recorder$Block
instanceKlass com/android/build/gradle/internal/pipeline/TransformTask$ConfigAction
instanceKlass com/android/build/gradle/internal/pipeline/IntermediateStream$Builder
instanceKlass com/android/build/api/transform/TransformOutputProvider
instanceKlass com/google/common/collect/AbstractIterator$1
instanceKlass com/google/common/base/Ascii
instanceKlass java/util/stream/SortedOps
instanceKlass com/android/build/gradle/internal/pipeline/TransformManager$$Lambda$223
instanceKlass com/android/build/gradle/internal/transforms/MergeJavaResourcesTransform$$Lambda$222
instanceKlass com/android/builder/merge/IncrementalFileMergerInput
instanceKlass com/android/builder/merge/IncrementalFileMergerOutput
instanceKlass com/android/builder/merge/OpenableCloseable
instanceKlass com/android/build/gradle/internal/TaskManager$$Lambda$221
instanceKlass com/android/build/gradle/internal/pipeline/OriginalStream$Builder$$Lambda$220
instanceKlass com/android/build/gradle/internal/pipeline/OriginalStream$Builder$$Lambda$219
instanceKlass com/android/build/gradle/tasks/MergeSourceSetFolders$MergeJniLibFoldersConfigAction$$Lambda$218
instanceKlass com/android/build/gradle/tasks/MergeSourceSetFolders$MergeJniLibFoldersConfigAction$$Lambda$217
instanceKlass com/android/build/gradle/tasks/MergeSourceSetFolders$MergeJniLibFoldersConfigAction$$Lambda$216
instanceKlass com/android/build/gradle/tasks/ExternalNativeBuildTaskUtils$ExternalNativeBuildProjectPathResolution
instanceKlass com/android/build/gradle/tasks/NdkCompile$ConfigAction$$Lambda$215
instanceKlass com/android/build/gradle/options/NdkLease
instanceKlass com/android/build/gradle/tasks/NdkCompile$ConfigAction
instanceKlass com/android/build/gradle/tasks/ExternalNativeBuildTaskUtils
instanceKlass com/android/build/gradle/tasks/AidlCompile$ConfigAction$$Lambda$214
instanceKlass com/android/builder/internal/incremental/DependencyData
instanceKlass com/android/build/gradle/tasks/AidlCompile$DepFileProcessor
instanceKlass com/android/builder/compiling/DependencyFileProcessor
instanceKlass com/android/build/gradle/tasks/AidlCompile$ConfigAction
instanceKlass org/gradle/api/internal/ConventionAwareHelper$MappedPropertyImpl
instanceKlass org/gradle/api/tasks/AbstractCopyTask$1$8
instanceKlass org/gradle/api/tasks/AbstractCopyTask$1$7
instanceKlass org/gradle/api/tasks/AbstractCopyTask$1$6
instanceKlass org/gradle/api/tasks/AbstractCopyTask$1$5
instanceKlass org/gradle/api/tasks/AbstractCopyTask$1$4
instanceKlass org/gradle/api/tasks/AbstractCopyTask$1$3
instanceKlass org/gradle/api/internal/tasks/DeclaredTaskInputProperty
instanceKlass org/gradle/api/tasks/TaskInputPropertyBuilder
instanceKlass org/gradle/api/internal/tasks/DefaultTaskInputs$4
instanceKlass org/gradle/api/tasks/AbstractCopyTask$1$2
instanceKlass org/gradle/internal/fingerprint/RelativePathInputNormalizer
instanceKlass org/gradle/api/internal/tasks/DefaultTaskInputFilePropertySpec$1
instanceKlass org/gradle/api/internal/tasks/TaskPropertyUtils
instanceKlass org/gradle/internal/fingerprint/AbsolutePathInputNormalizer
instanceKlass org/gradle/api/tasks/FileNormalizer
instanceKlass org/gradle/api/internal/tasks/StaticValue
instanceKlass org/gradle/api/internal/tasks/DefaultTaskInputs$1
instanceKlass org/gradle/api/tasks/AbstractCopyTask$1$1
instanceKlass org/gradle/api/internal/file/copy/DefaultCopySpec$2
instanceKlass org/gradle/api/internal/file/copy/DefaultCopySpec$DefaultCopySpecAddress
instanceKlass org/gradle/api/internal/file/copy/DefaultCopySpec$1
instanceKlass org/gradle/api/internal/file/copy/DefaultCopySpec$DefaultCopySpecResolver
instanceKlass org/gradle/api/internal/tasks/DefaultTaskOutputs$4
instanceKlass org/gradle/api/tasks/AbstractCopyTask$2
instanceKlass org/gradle/api/tasks/AbstractCopyTask$1
instanceKlass org/gradle/api/internal/file/copy/PathNotationConverter
instanceKlass org/gradle/api/internal/file/copy/CopySpecResolver
instanceKlass org/gradle/api/internal/file/copy/CopySpecInternal$CopySpecAddress
instanceKlass org/gradle/api/internal/file/copy/CopySpecInternal$CopySpecVisitor
instanceKlass org/gradle/api/internal/file/copy/DefaultCopySpec
instanceKlass org/gradle/api/internal/file/copy/CopyActionExecuter
instanceKlass org/gradle/api/internal/file/copy/DelegatingCopySpecInternal
instanceKlass org/gradle/api/internal/file/copy/CopySpecInternal$CopySpecListener
instanceKlass com/android/build/gradle/tasks/factory/ProcessJavaResConfigAction
instanceKlass java/util/stream/FindOps$$Lambda$213
instanceKlass java/util/stream/FindOps$FindSink
instanceKlass java/util/stream/FindOps$$Lambda$212
instanceKlass java/util/stream/FindOps$FindOp
instanceKlass java/util/stream/FindOps
instanceKlass com/android/build/gradle/internal/scope/OutputScope$$Lambda$211
instanceKlass com/android/build/gradle/internal/res/LinkAndroidResForBundleTask$ConfigAction$execute$2
instanceKlass com/android/build/gradle/internal/res/LinkAndroidResForBundleTask$ConfigAction$execute$1
instanceKlass com/android/build/gradle/internal/res/LinkAndroidResForBundleTask$ConfigAction
instanceKlass com/android/build/gradle/internal/res/LinkApplicationAndroidResourcesTask$ConfigAction$$Lambda$210
instanceKlass com/android/build/gradle/internal/res/LinkApplicationAndroidResourcesTask$ConfigAction$$Lambda$209
instanceKlass com/android/build/gradle/internal/res/LinkApplicationAndroidResourcesTask$$Lambda$208
instanceKlass com/android/ide/common/internal/WaitableExecutor$TaskResult
instanceKlass com/android/build/gradle/internal/res/namespaced/Aapt2ServiceKey
instanceKlass com/android/build/gradle/internal/workeractions/WorkerActionServiceRegistry$ServiceKey
instanceKlass com/android/builder/internal/aapt/Aapt
instanceKlass com/android/builder/internal/aapt/CloseableBlockingResourceLinker
instanceKlass com/android/build/gradle/internal/scope/SplitList
instanceKlass com/android/builder/internal/aapt/BlockingResourceLinker
instanceKlass com/android/build/gradle/internal/res/LinkApplicationAndroidResourcesTask$ConfigAction
instanceKlass com/android/build/gradle/internal/TaskManager$$Lambda$207
instanceKlass com/android/build/gradle/internal/scope/SplitList$Filter
instanceKlass com/android/build/gradle/tasks/SplitsDiscovery$ConfigAction
instanceKlass com/android/build/gradle/tasks/GenerateBuildConfig$ConfigAction$$Lambda$206
instanceKlass com/android/build/gradle/tasks/GenerateBuildConfig$ConfigAction$$Lambda$205
instanceKlass com/android/build/gradle/tasks/GenerateBuildConfig$ConfigAction$$Lambda$204
instanceKlass com/android/build/gradle/tasks/GenerateBuildConfig$ConfigAction$$Lambda$203
instanceKlass com/android/build/gradle/tasks/GenerateBuildConfig$ConfigAction$$Lambda$202
instanceKlass com/android/build/gradle/tasks/GenerateBuildConfig$ConfigAction$$Lambda$201
instanceKlass com/android/build/gradle/tasks/GenerateBuildConfig$ConfigAction$$Lambda$200
instanceKlass com/android/build/gradle/tasks/GenerateBuildConfig$ConfigAction$$Lambda$199
instanceKlass com/android/build/gradle/tasks/GenerateBuildConfig$ConfigAction
instanceKlass com/android/build/gradle/tasks/MergeSourceSetFolders$MergeAssetBaseConfigAction$$Lambda$198
instanceKlass com/android/build/gradle/tasks/MergeSourceSetFolders$MergeAssetBaseConfigAction$$Lambda$197
instanceKlass com/android/build/gradle/tasks/MergeSourceSetFolders$MergeAssetBaseConfigAction$$Lambda$196
instanceKlass com/google/common/collect/AbstractMapBasedMultimap$KeySet$1
instanceKlass com/android/build/gradle/tasks/ShaderCompile$ConfigAction
instanceKlass com/android/build/gradle/tasks/MergeSourceSetFolders$MergeShaderSourceFoldersConfigAction$$Lambda$195
instanceKlass com/android/build/gradle/tasks/MergeSourceSetFolders$MergeShaderSourceFoldersConfigAction$$Lambda$194
instanceKlass com/android/build/gradle/tasks/MergeSourceSetFolders$MergeShaderSourceFoldersConfigAction$$Lambda$193
instanceKlass com/android/build/gradle/tasks/WorkerExecutorAdapter
instanceKlass com/android/build/gradle/tasks/MergeSourceSetFolders$ConfigAction
instanceKlass com/android/build/gradle/tasks/MergeResources$ConfigAction$$Lambda$192
instanceKlass com/android/build/gradle/internal/variant/BaseVariantData$$Lambda$191
instanceKlass com/android/build/gradle/internal/variant/BaseVariantData$$Lambda$190
instanceKlass com/android/build/gradle/internal/variant/BaseVariantData$$Lambda$189
instanceKlass com/android/build/gradle/internal/variant/BaseVariantData$$Lambda$188
instanceKlass com/android/build/gradle/internal/res/Aapt2MavenUtils$getArtifactCollection$1$1
instanceKlass com/android/build/gradle/internal/res/Aapt2MavenUtils$getArtifactCollection$1
instanceKlass com/android/build/gradle/internal/res/Aapt2MavenUtils$getAapt2FromMaven$1
instanceKlass org/gradle/api/internal/artifacts/dependencies/DefaultDependencyArtifact
instanceKlass org/gradle/internal/typeconversion/MapKey
instanceKlass com/android/build/gradle/internal/res/Aapt2Version
instanceKlass com/android/build/gradle/internal/res/Aapt2MavenUtils$getAapt2FromMaven$config$1
instanceKlass com/android/build/gradle/internal/res/Aapt2MavenUtils
instanceKlass com/android/build/gradle/tasks/MergeResources$ConfigAction$$Lambda$187
instanceKlass com/android/ide/common/workers/ExecutorServiceAdapter
instanceKlass com/android/ide/common/resources/FileValidity
instanceKlass org/gradle/internal/work/DefaultConditionalExecutionQueue
instanceKlass org/gradle/workers/internal/DaemonForkOptions
instanceKlass org/gradle/internal/work/AsyncWorkCompletion
instanceKlass org/gradle/internal/work/ConditionalExecution
instanceKlass org/gradle/workers/internal/ActionExecutionSpec
instanceKlass org/gradle/workers/internal/WorkSpec
instanceKlass org/gradle/workers/WorkerConfiguration
instanceKlass org/gradle/workers/internal/DefaultWorkerExecutor
instanceKlass org/gradle/workers/internal/NoIsolationWorkerFactory
instanceKlass org/gradle/internal/work/DefaultConditionalExecutionQueueFactory
instanceKlass org/gradle/process/internal/worker/child/DefaultWorkerDirectoryProvider
instanceKlass org/gradle/internal/work/DefaultAsyncWorkTracker
instanceKlass org/gradle/api/internal/classloading/NoOpGroovySystemLoader
instanceKlass org/gradle/api/internal/classloading/GroovySystemLoader
instanceKlass org/gradle/api/internal/classloading/GroovySystemLoaderFactory
instanceKlass org/gradle/workers/internal/Worker
instanceKlass org/gradle/workers/internal/WorkerDaemonExpiration
instanceKlass org/gradle/workers/internal/WorkerDaemonClientsManager$LogLevelChangeEventListener
instanceKlass org/gradle/workers/internal/WorkerDaemonClientsManager$StopSessionScopedWorkers
instanceKlass org/gradle/workers/internal/WorkerDaemonStarter
instanceKlass org/gradle/process/internal/health/memory/MemoryHolder
instanceKlass org/gradle/process/internal/worker/child/ApplicationClassesInSystemClassLoaderWorkerImplementationFactory
instanceKlass org/gradle/process/internal/worker/child/WorkerImplementationFactory
instanceKlass org/gradle/process/internal/worker/MultiRequestWorkerProcessBuilder
